New log file opened at Sun Nov 22 12:20:36 IST 2015 by 4962@omega
jvm 4962@omega
jvm vmName=Java HotSpot(TM) 64-Bit Server VM vmVendor=Oracle Corporation vmVersion=25.66-b17
jvm specName=Java Virtual Machine Specification specVendor=Oracle Corporation specVersion=1.8
jvm arguments: [-Xms256m, -Xmx1024m, -XX:MetaspaceSize=64m, -XX:MaxMetaspaceSize=256m]
Starting event engine
Starting sbt command engine
Waiting for sbt command engine
Command engine arguments=List()
Command engine baseDirectory=/home/alpha/Courses Monsoon 2k15/CLOUD/Major_Project/docker_paas
Command engine initial remaining commands List(--initialize, onFailure load-failed, boot, server-send-ready-for-request, server-handle-next-server-request)
> --initialize
> initialize
> onFailure load-failed
> boot
> reload
[Loading] Scanning directory /home/alpha/Courses Monsoon 2k15/CLOUD/Major_Project/docker_paas/project
[Loading] Found non-root projects 
[Loading] Done in /home/alpha/Courses Monsoon 2k15/CLOUD/Major_Project/docker_paas/project, returning: ()
deducing auto plugins based on known facts Set(Atom(sbt.plugins.CorePlugin)) and clauses Clauses(List(Clause(Atom(sbt.plugins.JvmPlugin),Set(Atom(sbt.plugins.IvyPlugin))), Clause(Atom(sbt.plugins.JUnitXmlReportPlugin),Set(Atom(sbt.plugins.JvmPlugin))), Clause(Atom(sbt.plugins.CorePlugin),Set(Atom(sbt.plugins.IvyPlugin))), Clause(Atom(sbt.plugins.IvyPlugin),Set(Atom(sbt.plugins.JvmPlugin))), Clause(Atom(sbt.plugins.JvmPlugin),Set(Atom(sbt.plugins.JUnitXmlReportPlugin)))))
  :: deduced result: Matched(sbt.plugins.CorePlugin,sbt.plugins.IvyPlugin,sbt.plugins.JvmPlugin,sbt.plugins.JUnitXmlReportPlugin)
sorting: ns: List(sbt.plugins.CorePlugin, sbt.plugins.IvyPlugin, sbt.plugins.JvmPlugin, sbt.plugins.JUnitXmlReportPlugin)
  :: sorting:: found: List(sbt.plugins.CorePlugin) not found List(sbt.plugins.IvyPlugin, sbt.plugins.JvmPlugin, sbt.plugins.JUnitXmlReportPlugin)
  :: sorting:: found: List(sbt.plugins.CorePlugin, sbt.plugins.IvyPlugin) not found List(sbt.plugins.JvmPlugin, sbt.plugins.JUnitXmlReportPlugin)
  :: sorting:: found: List(sbt.plugins.CorePlugin, sbt.plugins.IvyPlugin, sbt.plugins.JvmPlugin) not found List(sbt.plugins.JUnitXmlReportPlugin)
  :: sorting:: found: List(sbt.plugins.CorePlugin, sbt.plugins.IvyPlugin, sbt.plugins.JvmPlugin, sbt.plugins.JUnitXmlReportPlugin) not found List()
  :: sorted deduced result: List(sbt.plugins.CorePlugin, sbt.plugins.IvyPlugin, sbt.plugins.JvmPlugin, sbt.plugins.JUnitXmlReportPlugin)
[Loading] Done in /home/alpha/Courses Monsoon 2k15/CLOUD/Major_Project/docker_paas/project, returning: (docker_paas-build)
Loading project definition from /home/alpha/Courses Monsoon 2k15/CLOUD/Major_Project/docker_paas/project
Running task... Cancel: sbt.TaskCancellationStrategy$Null$@29c90325, check cycles: false

Initial source changes: 
	removed:Set()
	added: Set()
	modified: Set()
Removed products: Set()
External API changes: API Changes: Set()
Modified binary dependencies: Set()
Initial directly invalidated sources: Set()

Sources indirectly invalidated by:
	product: Set()
	binary dep: Set()
	external source: Set()
All initially invalidated sources: Set()

Copy resource mappings: 
	
[Loading] Scanning directory /home/alpha/Courses Monsoon 2k15/CLOUD/Major_Project/docker_paas
[Loading] Found root project root w/ remaining 
deducing auto plugins based on known facts Set(Atom(play.sbt.PlayScala), Atom(sbt.plugins.CorePlugin)) and clauses Clauses(List(Clause(Atom(sbt.plugins.JvmPlugin),Set(Atom(sbt.plugins.IvyPlugin))), Clause(Atom(sbt.plugins.JUnitXmlReportPlugin),Set(Atom(sbt.plugins.JvmPlugin))), Clause(Atom(sbt.plugins.BackgroundRunPlugin),Set(Atom(sbt.plugins.JvmPlugin))), Clause(Atom(play.sbt.forkrun.PlayForkRun),Set(Atom(sbt.plugins.BackgroundRunPlugin))), Clause(Atom(play.sbt.forkrun.PlayForkRun),Set(Atom(play.sbt.Play))), Clause(Atom(play.sbt.forkrun.PlayForkRun),Set(Atom(sbt.plugins.SerializersPlugin))), Clause(Atom(play.sbt.Play),Set(Atom(com.typesafe.sbt.packager.archetypes.JavaServerAppPackaging))), Clause(Atom(play.sbt.Play),Set(Atom(play.sbt.routes.RoutesCompiler))), Clause(Atom(play.sbt.Play),Set(Atom(play.twirl.sbt.SbtTwirl))), Clause(Atom(play.sbt.Play),Set(Atom(com.typesafe.sbt.jse.SbtJsTask))), Clause(Atom(play.sbt.PlayAkkaHttpServer),Set(Atom(play.sbt.Play))), Clause(Atom(play.sbt.PlayJava),Set(Atom(play.sbt.Play))), Clause(Atom(play.sbt.PlayLayoutPlugin),Set(Atom(play.sbt.Play))), Clause(Atom(play.sbt.PlayNettyServer),Set(Atom(play.sbt.Play))), Clause(Atom(play.sbt.PlayScala),Set(Atom(play.sbt.Play))), Clause(Atom(play.sbt.routes.RoutesCompiler),Set(Atom(sbt.plugins.JvmPlugin))), Clause(Atom(play.twirl.sbt.SbtTwirl),Set(Atom(sbt.plugins.JvmPlugin))), Clause(Atom(com.typesafe.sbt.packager.archetypes.AkkaAppPackaging),Set(Atom(com.typesafe.sbt.packager.archetypes.JavaAppPackaging))), Clause(Atom(com.typesafe.sbt.packager.archetypes.JavaAppPackaging),Set(Atom(com.typesafe.sbt.packager.windows.WindowsPlugin))), Clause(Atom(com.typesafe.sbt.packager.archetypes.JavaAppPackaging),Set(Atom(com.typesafe.sbt.packager.docker.DockerPlugin))), Clause(Atom(com.typesafe.sbt.packager.archetypes.JavaAppPackaging),Set(Atom(com.typesafe.sbt.packager.debian.DebianPlugin))), Clause(Atom(com.typesafe.sbt.packager.archetypes.JavaAppPackaging),Set(Atom(com.typesafe.sbt.packager.rpm.RpmPlugin))), Clause(Atom(com.typesafe.sbt.packager.archetypes.JavaServerAppPackaging),Set(Atom(com.typesafe.sbt.packager.archetypes.JavaAppPackaging))), Clause(Atom(com.typesafe.sbt.packager.archetypes.jar.ClasspathJarPlugin),Set(Atom(com.typesafe.sbt.packager.archetypes.JavaAppPackaging))), Clause(Atom(com.typesafe.sbt.packager.archetypes.jar.LauncherJarPlugin),Set(Atom(com.typesafe.sbt.packager.archetypes.JavaAppPackaging))), Clause(Atom(com.typesafe.sbt.packager.debian.DebianDeployPlugin),Set(Atom(com.typesafe.sbt.packager.debian.DebianPlugin))), Clause(Atom(com.typesafe.sbt.packager.debian.DebianPlugin),Set(Atom(com.typesafe.sbt.packager.linux.LinuxPlugin))), Clause(Atom(com.typesafe.sbt.packager.debian.JDebPackaging),Set(Atom(com.typesafe.sbt.packager.debian.DebianPlugin))), Clause(Atom(com.typesafe.sbt.packager.docker.DockerPlugin),Set(Atom(com.typesafe.sbt.packager.universal.UniversalPlugin))), Clause(Atom(com.typesafe.sbt.packager.jdkpackager.JDKPackagerDeployPlugin),Set(Atom(com.typesafe.sbt.packager.jdkpackager.JDKPackagerPlugin))), Clause(Atom(com.typesafe.sbt.packager.jdkpackager.JDKPackagerPlugin),Set(Atom(com.typesafe.sbt.packager.archetypes.JavaAppPackaging))), Clause(Atom(com.typesafe.sbt.packager.jdkpackager.JDKPackagerPlugin),Set(Atom(com.typesafe.sbt.packager.archetypes.jar.ClasspathJarPlugin))), Clause(Atom(com.typesafe.sbt.packager.linux.LinuxPlugin),Set(Atom(com.typesafe.sbt.packager.universal.UniversalPlugin))), Clause(Atom(com.typesafe.sbt.packager.rpm.RpmDeployPlugin),Set(Atom(com.typesafe.sbt.packager.rpm.RpmPlugin))), Clause(Atom(com.typesafe.sbt.packager.rpm.RpmPlugin),Set(Atom(com.typesafe.sbt.packager.linux.LinuxPlugin))), Clause(Atom(com.typesafe.sbt.packager.universal.UniversalDeployPlugin),Set(Atom(com.typesafe.sbt.packager.universal.UniversalPlugin))), Clause(Atom(com.typesafe.sbt.packager.universal.UniversalPlugin),Set(Atom(com.typesafe.sbt.SbtNativePackager))), Clause(Atom(com.typesafe.sbt.packager.windows.WindowsDeployPlugin),Set(Atom(com.typesafe.sbt.packager.windows.WindowsPlugin))), Clause(Atom(com.typesafe.sbt.packager.windows.WindowsPlugin),Set(Atom(com.typesafe.sbt.packager.universal.UniversalPlugin))), Clause(Atom(com.typesafe.sbt.web.SbtWeb),Set(Atom(sbt.plugins.JvmPlugin))), Clause(Atom(com.typesafe.sbt.jse.SbtJsEngine),Set(Atom(com.typesafe.sbt.web.SbtWeb))), Clause(Atom(com.typesafe.sbt.jse.SbtJsTask),Set(Atom(com.typesafe.sbt.jse.SbtJsEngine))), Clause(Atom(com.typesafe.sbt.coffeescript.SbtCoffeeScript),Set(Atom(com.typesafe.sbt.jse.SbtJsTask))), Clause(Atom(com.typesafe.sbt.less.SbtLess),Set(Atom(com.typesafe.sbt.jse.SbtJsTask))), Clause(Atom(com.typesafe.sbt.jshint.SbtJSHint),Set(Atom(com.typesafe.sbt.jse.SbtJsTask))), Clause(Atom(com.typesafe.sbt.rjs.SbtRjs),Set(Atom(com.typesafe.sbt.jse.SbtJsTask))), Clause(Atom(com.typesafe.sbt.digest.SbtDigest),Set(Atom(com.typesafe.sbt.web.SbtWeb))), Clause(Atom(com.typesafe.sbt.mocha.SbtMocha),Set(Atom(com.typesafe.sbt.jse.SbtJsTask))), Clause(Atom(sbt.plugins.CorePlugin),Set(Atom(sbt.plugins.IvyPlugin))), Clause(Atom(sbt.plugins.IvyPlugin),Set(Atom(sbt.plugins.JvmPlugin))), Clause(Atom(sbt.plugins.JvmPlugin),Set(Atom(sbt.plugins.JUnitXmlReportPlugin))), Clause(Atom(sbt.plugins.JvmPlugin),Set(Atom(sbt.plugins.BackgroundRunPlugin))), Clause(Atom(sbt.plugins.CorePlugin),Set(Atom(sbt.plugins.InteractionServicePlugin))), Clause(Atom(sbt.plugins.CorePlugin),Set(Atom(sbt.plugins.SendEventServicePlugin))), Clause(Atom(sbt.plugins.CorePlugin),Set(Atom(sbt.plugins.SerializersPlugin))), Clause(And(Set(Atom(sbt.plugins.BackgroundRunPlugin), Atom(play.sbt.Play), Atom(sbt.plugins.SerializersPlugin))),Set(Atom(play.sbt.forkrun.PlayForkRun))), Clause(Atom(play.sbt.Play),Set(Atom(play.sbt.PlayLayoutPlugin))), Clause(Atom(play.sbt.Play),Set(Atom(play.sbt.PlayNettyServer))), Clause(Atom(com.typesafe.sbt.web.SbtWeb),Set(Atom(com.typesafe.sbt.jse.SbtJsEngine))), Clause(Atom(com.typesafe.sbt.jse.SbtJsEngine),Set(Atom(com.typesafe.sbt.jse.SbtJsTask))), Clause(Atom(com.typesafe.sbt.jse.SbtJsTask),Set(Atom(com.typesafe.sbt.coffeescript.SbtCoffeeScript))), Clause(Atom(com.typesafe.sbt.jse.SbtJsTask),Set(Atom(com.typesafe.sbt.less.SbtLess))), Clause(Atom(com.typesafe.sbt.jse.SbtJsTask),Set(Atom(com.typesafe.sbt.jshint.SbtJSHint))), Clause(Atom(com.typesafe.sbt.jse.SbtJsTask),Set(Atom(com.typesafe.sbt.rjs.SbtRjs))), Clause(Atom(com.typesafe.sbt.web.SbtWeb),Set(Atom(com.typesafe.sbt.digest.SbtDigest))), Clause(Atom(com.typesafe.sbt.jse.SbtJsTask),Set(Atom(com.typesafe.sbt.mocha.SbtMocha)))))
  :: deduced result: Matched(sbt.plugins.CorePlugin,play.sbt.PlayScala,sbt.plugins.InteractionServicePlugin,sbt.plugins.SendEventServicePlugin,play.sbt.Play,sbt.plugins.SerializersPlugin,sbt.plugins.IvyPlugin,com.typesafe.sbt.packager.archetypes.JavaServerAppPackaging,play.twirl.sbt.SbtTwirl,sbt.plugins.JvmPlugin,play.sbt.PlayNettyServer,play.sbt.PlayLayoutPlugin,play.sbt.routes.RoutesCompiler,com.typesafe.sbt.jse.SbtJsTask,com.typesafe.sbt.jshint.SbtJSHint,com.typesafe.sbt.packager.archetypes.JavaAppPackaging,sbt.plugins.JUnitXmlReportPlugin,com.typesafe.sbt.mocha.SbtMocha,com.typesafe.sbt.less.SbtLess,com.typesafe.sbt.rjs.SbtRjs,com.typesafe.sbt.jse.SbtJsEngine,com.typesafe.sbt.coffeescript.SbtCoffeeScript,sbt.plugins.BackgroundRunPlugin,com.typesafe.sbt.packager.rpm.RpmPlugin,com.typesafe.sbt.packager.windows.WindowsPlugin,com.typesafe.sbt.web.SbtWeb,com.typesafe.sbt.packager.docker.DockerPlugin,play.sbt.forkrun.PlayForkRun,com.typesafe.sbt.packager.debian.DebianPlugin,com.typesafe.sbt.digest.SbtDigest,com.typesafe.sbt.packager.universal.UniversalPlugin,com.typesafe.sbt.packager.linux.LinuxPlugin,com.typesafe.sbt.SbtNativePackager)
sorting: ns: List(sbt.plugins.CorePlugin, play.sbt.PlayScala, sbt.plugins.InteractionServicePlugin, sbt.plugins.SendEventServicePlugin, play.sbt.Play, sbt.plugins.SerializersPlugin, sbt.plugins.IvyPlugin, com.typesafe.sbt.packager.archetypes.JavaServerAppPackaging, play.twirl.sbt.SbtTwirl, sbt.plugins.JvmPlugin, play.sbt.PlayNettyServer, play.sbt.PlayLayoutPlugin, play.sbt.routes.RoutesCompiler, com.typesafe.sbt.jse.SbtJsTask, com.typesafe.sbt.jshint.SbtJSHint, com.typesafe.sbt.packager.archetypes.JavaAppPackaging, sbt.plugins.JUnitXmlReportPlugin, com.typesafe.sbt.mocha.SbtMocha, com.typesafe.sbt.less.SbtLess, com.typesafe.sbt.rjs.SbtRjs, com.typesafe.sbt.jse.SbtJsEngine, com.typesafe.sbt.coffeescript.SbtCoffeeScript, sbt.plugins.BackgroundRunPlugin, com.typesafe.sbt.packager.rpm.RpmPlugin, com.typesafe.sbt.packager.windows.WindowsPlugin, com.typesafe.sbt.web.SbtWeb, com.typesafe.sbt.packager.docker.DockerPlugin, play.sbt.forkrun.PlayForkRun, com.typesafe.sbt.packager.debian.DebianPlugin, com.typesafe.sbt.digest.SbtDigest, com.typesafe.sbt.packager.universal.UniversalPlugin, com.typesafe.sbt.packager.linux.LinuxPlugin, com.typesafe.sbt.SbtNativePackager)
  :: sorting:: found: List(sbt.plugins.CorePlugin, com.typesafe.sbt.SbtNativePackager) not found List(play.sbt.PlayScala, sbt.plugins.InteractionServicePlugin, sbt.plugins.SendEventServicePlugin, play.sbt.Play, sbt.plugins.SerializersPlugin, sbt.plugins.IvyPlugin, com.typesafe.sbt.packager.archetypes.JavaServerAppPackaging, play.twirl.sbt.SbtTwirl, sbt.plugins.JvmPlugin, play.sbt.PlayNettyServer, play.sbt.PlayLayoutPlugin, play.sbt.routes.RoutesCompiler, com.typesafe.sbt.jse.SbtJsTask, com.typesafe.sbt.jshint.SbtJSHint, com.typesafe.sbt.packager.archetypes.JavaAppPackaging, sbt.plugins.JUnitXmlReportPlugin, com.typesafe.sbt.mocha.SbtMocha, com.typesafe.sbt.less.SbtLess, com.typesafe.sbt.rjs.SbtRjs, com.typesafe.sbt.jse.SbtJsEngine, com.typesafe.sbt.coffeescript.SbtCoffeeScript, sbt.plugins.BackgroundRunPlugin, com.typesafe.sbt.packager.rpm.RpmPlugin, com.typesafe.sbt.packager.windows.WindowsPlugin, com.typesafe.sbt.web.SbtWeb, com.typesafe.sbt.packager.docker.DockerPlugin, play.sbt.forkrun.PlayForkRun, com.typesafe.sbt.packager.debian.DebianPlugin, com.typesafe.sbt.digest.SbtDigest, com.typesafe.sbt.packager.universal.UniversalPlugin, com.typesafe.sbt.packager.linux.LinuxPlugin)
  :: sorting:: found: List(sbt.plugins.CorePlugin, com.typesafe.sbt.SbtNativePackager, sbt.plugins.InteractionServicePlugin, sbt.plugins.SendEventServicePlugin, sbt.plugins.SerializersPlugin, sbt.plugins.IvyPlugin, com.typesafe.sbt.packager.universal.UniversalPlugin) not found List(play.sbt.PlayScala, play.sbt.Play, com.typesafe.sbt.packager.archetypes.JavaServerAppPackaging, play.twirl.sbt.SbtTwirl, sbt.plugins.JvmPlugin, play.sbt.PlayNettyServer, play.sbt.PlayLayoutPlugin, play.sbt.routes.RoutesCompiler, com.typesafe.sbt.jse.SbtJsTask, com.typesafe.sbt.jshint.SbtJSHint, com.typesafe.sbt.packager.archetypes.JavaAppPackaging, sbt.plugins.JUnitXmlReportPlugin, com.typesafe.sbt.mocha.SbtMocha, com.typesafe.sbt.less.SbtLess, com.typesafe.sbt.rjs.SbtRjs, com.typesafe.sbt.jse.SbtJsEngine, com.typesafe.sbt.coffeescript.SbtCoffeeScript, sbt.plugins.BackgroundRunPlugin, com.typesafe.sbt.packager.rpm.RpmPlugin, com.typesafe.sbt.packager.windows.WindowsPlugin, com.typesafe.sbt.web.SbtWeb, com.typesafe.sbt.packager.docker.DockerPlugin, play.sbt.forkrun.PlayForkRun, com.typesafe.sbt.packager.debian.DebianPlugin, com.typesafe.sbt.digest.SbtDigest, com.typesafe.sbt.packager.linux.LinuxPlugin)
  :: sorting:: found: List(sbt.plugins.CorePlugin, com.typesafe.sbt.SbtNativePackager, sbt.plugins.InteractionServicePlugin, sbt.plugins.SendEventServicePlugin, sbt.plugins.SerializersPlugin, sbt.plugins.IvyPlugin, com.typesafe.sbt.packager.universal.UniversalPlugin, sbt.plugins.JvmPlugin, com.typesafe.sbt.packager.windows.WindowsPlugin, com.typesafe.sbt.packager.docker.DockerPlugin, com.typesafe.sbt.packager.linux.LinuxPlugin) not found List(play.sbt.PlayScala, play.sbt.Play, com.typesafe.sbt.packager.archetypes.JavaServerAppPackaging, play.twirl.sbt.SbtTwirl, play.sbt.PlayNettyServer, play.sbt.PlayLayoutPlugin, play.sbt.routes.RoutesCompiler, com.typesafe.sbt.jse.SbtJsTask, com.typesafe.sbt.jshint.SbtJSHint, com.typesafe.sbt.packager.archetypes.JavaAppPackaging, sbt.plugins.JUnitXmlReportPlugin, com.typesafe.sbt.mocha.SbtMocha, com.typesafe.sbt.less.SbtLess, com.typesafe.sbt.rjs.SbtRjs, com.typesafe.sbt.jse.SbtJsEngine, com.typesafe.sbt.coffeescript.SbtCoffeeScript, sbt.plugins.BackgroundRunPlugin, com.typesafe.sbt.packager.rpm.RpmPlugin, com.typesafe.sbt.web.SbtWeb, play.sbt.forkrun.PlayForkRun, com.typesafe.sbt.packager.debian.DebianPlugin, com.typesafe.sbt.digest.SbtDigest)
  :: sorting:: found: List(sbt.plugins.CorePlugin, com.typesafe.sbt.SbtNativePackager, sbt.plugins.InteractionServicePlugin, sbt.plugins.SendEventServicePlugin, sbt.plugins.SerializersPlugin, sbt.plugins.IvyPlugin, com.typesafe.sbt.packager.universal.UniversalPlugin, sbt.plugins.JvmPlugin, com.typesafe.sbt.packager.windows.WindowsPlugin, com.typesafe.sbt.packager.docker.DockerPlugin, com.typesafe.sbt.packager.linux.LinuxPlugin, play.twirl.sbt.SbtTwirl, play.sbt.routes.RoutesCompiler, sbt.plugins.JUnitXmlReportPlugin, sbt.plugins.BackgroundRunPlugin, com.typesafe.sbt.packager.rpm.RpmPlugin, com.typesafe.sbt.web.SbtWeb, com.typesafe.sbt.packager.debian.DebianPlugin) not found List(play.sbt.PlayScala, play.sbt.Play, com.typesafe.sbt.packager.archetypes.JavaServerAppPackaging, play.sbt.PlayNettyServer, play.sbt.PlayLayoutPlugin, com.typesafe.sbt.jse.SbtJsTask, com.typesafe.sbt.jshint.SbtJSHint, com.typesafe.sbt.packager.archetypes.JavaAppPackaging, com.typesafe.sbt.mocha.SbtMocha, com.typesafe.sbt.less.SbtLess, com.typesafe.sbt.rjs.SbtRjs, com.typesafe.sbt.jse.SbtJsEngine, com.typesafe.sbt.coffeescript.SbtCoffeeScript, play.sbt.forkrun.PlayForkRun, com.typesafe.sbt.digest.SbtDigest)
  :: sorting:: found: List(sbt.plugins.CorePlugin, com.typesafe.sbt.SbtNativePackager, sbt.plugins.InteractionServicePlugin, sbt.plugins.SendEventServicePlugin, sbt.plugins.SerializersPlugin, sbt.plugins.IvyPlugin, com.typesafe.sbt.packager.universal.UniversalPlugin, sbt.plugins.JvmPlugin, com.typesafe.sbt.packager.windows.WindowsPlugin, com.typesafe.sbt.packager.docker.DockerPlugin, com.typesafe.sbt.packager.linux.LinuxPlugin, play.twirl.sbt.SbtTwirl, play.sbt.routes.RoutesCompiler, sbt.plugins.JUnitXmlReportPlugin, sbt.plugins.BackgroundRunPlugin, com.typesafe.sbt.packager.rpm.RpmPlugin, com.typesafe.sbt.web.SbtWeb, com.typesafe.sbt.packager.debian.DebianPlugin, com.typesafe.sbt.packager.archetypes.JavaAppPackaging, com.typesafe.sbt.jse.SbtJsEngine, com.typesafe.sbt.digest.SbtDigest) not found List(play.sbt.PlayScala, play.sbt.Play, com.typesafe.sbt.packager.archetypes.JavaServerAppPackaging, play.sbt.PlayNettyServer, play.sbt.PlayLayoutPlugin, com.typesafe.sbt.jse.SbtJsTask, com.typesafe.sbt.jshint.SbtJSHint, com.typesafe.sbt.mocha.SbtMocha, com.typesafe.sbt.less.SbtLess, com.typesafe.sbt.rjs.SbtRjs, com.typesafe.sbt.coffeescript.SbtCoffeeScript, play.sbt.forkrun.PlayForkRun)
  :: sorting:: found: List(sbt.plugins.CorePlugin, com.typesafe.sbt.SbtNativePackager, sbt.plugins.InteractionServicePlugin, sbt.plugins.SendEventServicePlugin, sbt.plugins.SerializersPlugin, sbt.plugins.IvyPlugin, com.typesafe.sbt.packager.universal.UniversalPlugin, sbt.plugins.JvmPlugin, com.typesafe.sbt.packager.windows.WindowsPlugin, com.typesafe.sbt.packager.docker.DockerPlugin, com.typesafe.sbt.packager.linux.LinuxPlugin, play.twirl.sbt.SbtTwirl, play.sbt.routes.RoutesCompiler, sbt.plugins.JUnitXmlReportPlugin, sbt.plugins.BackgroundRunPlugin, com.typesafe.sbt.packager.rpm.RpmPlugin, com.typesafe.sbt.web.SbtWeb, com.typesafe.sbt.packager.debian.DebianPlugin, com.typesafe.sbt.packager.archetypes.JavaAppPackaging, com.typesafe.sbt.jse.SbtJsEngine, com.typesafe.sbt.digest.SbtDigest, com.typesafe.sbt.packager.archetypes.JavaServerAppPackaging, com.typesafe.sbt.jse.SbtJsTask) not found List(play.sbt.PlayScala, play.sbt.Play, play.sbt.PlayNettyServer, play.sbt.PlayLayoutPlugin, com.typesafe.sbt.jshint.SbtJSHint, com.typesafe.sbt.mocha.SbtMocha, com.typesafe.sbt.less.SbtLess, com.typesafe.sbt.rjs.SbtRjs, com.typesafe.sbt.coffeescript.SbtCoffeeScript, play.sbt.forkrun.PlayForkRun)
  :: sorting:: found: List(sbt.plugins.CorePlugin, com.typesafe.sbt.SbtNativePackager, sbt.plugins.InteractionServicePlugin, sbt.plugins.SendEventServicePlugin, sbt.plugins.SerializersPlugin, sbt.plugins.IvyPlugin, com.typesafe.sbt.packager.universal.UniversalPlugin, sbt.plugins.JvmPlugin, com.typesafe.sbt.packager.windows.WindowsPlugin, com.typesafe.sbt.packager.docker.DockerPlugin, com.typesafe.sbt.packager.linux.LinuxPlugin, play.twirl.sbt.SbtTwirl, play.sbt.routes.RoutesCompiler, sbt.plugins.JUnitXmlReportPlugin, sbt.plugins.BackgroundRunPlugin, com.typesafe.sbt.packager.rpm.RpmPlugin, com.typesafe.sbt.web.SbtWeb, com.typesafe.sbt.packager.debian.DebianPlugin, com.typesafe.sbt.packager.archetypes.JavaAppPackaging, com.typesafe.sbt.jse.SbtJsEngine, com.typesafe.sbt.digest.SbtDigest, com.typesafe.sbt.packager.archetypes.JavaServerAppPackaging, com.typesafe.sbt.jse.SbtJsTask, play.sbt.Play, com.typesafe.sbt.jshint.SbtJSHint, com.typesafe.sbt.mocha.SbtMocha, com.typesafe.sbt.less.SbtLess, com.typesafe.sbt.rjs.SbtRjs, com.typesafe.sbt.coffeescript.SbtCoffeeScript) not found List(play.sbt.PlayScala, play.sbt.PlayNettyServer, play.sbt.PlayLayoutPlugin, play.sbt.forkrun.PlayForkRun)
  :: sorting:: found: List(sbt.plugins.CorePlugin, com.typesafe.sbt.SbtNativePackager, sbt.plugins.InteractionServicePlugin, sbt.plugins.SendEventServicePlugin, sbt.plugins.SerializersPlugin, sbt.plugins.IvyPlugin, com.typesafe.sbt.packager.universal.UniversalPlugin, sbt.plugins.JvmPlugin, com.typesafe.sbt.packager.windows.WindowsPlugin, com.typesafe.sbt.packager.docker.DockerPlugin, com.typesafe.sbt.packager.linux.LinuxPlugin, play.twirl.sbt.SbtTwirl, play.sbt.routes.RoutesCompiler, sbt.plugins.JUnitXmlReportPlugin, sbt.plugins.BackgroundRunPlugin, com.typesafe.sbt.packager.rpm.RpmPlugin, com.typesafe.sbt.web.SbtWeb, com.typesafe.sbt.packager.debian.DebianPlugin, com.typesafe.sbt.packager.archetypes.JavaAppPackaging, com.typesafe.sbt.jse.SbtJsEngine, com.typesafe.sbt.digest.SbtDigest, com.typesafe.sbt.packager.archetypes.JavaServerAppPackaging, com.typesafe.sbt.jse.SbtJsTask, play.sbt.Play, com.typesafe.sbt.jshint.SbtJSHint, com.typesafe.sbt.mocha.SbtMocha, com.typesafe.sbt.less.SbtLess, com.typesafe.sbt.rjs.SbtRjs, com.typesafe.sbt.coffeescript.SbtCoffeeScript, play.sbt.PlayScala, play.sbt.PlayNettyServer, play.sbt.PlayLayoutPlugin, play.sbt.forkrun.PlayForkRun) not found List()
  :: sorted deduced result: List(sbt.plugins.CorePlugin, com.typesafe.sbt.SbtNativePackager, sbt.plugins.InteractionServicePlugin, sbt.plugins.SendEventServicePlugin, sbt.plugins.SerializersPlugin, sbt.plugins.IvyPlugin, com.typesafe.sbt.packager.universal.UniversalPlugin, sbt.plugins.JvmPlugin, com.typesafe.sbt.packager.windows.WindowsPlugin, com.typesafe.sbt.packager.docker.DockerPlugin, com.typesafe.sbt.packager.linux.LinuxPlugin, play.twirl.sbt.SbtTwirl, play.sbt.routes.RoutesCompiler, sbt.plugins.JUnitXmlReportPlugin, sbt.plugins.BackgroundRunPlugin, com.typesafe.sbt.packager.rpm.RpmPlugin, com.typesafe.sbt.web.SbtWeb, com.typesafe.sbt.packager.debian.DebianPlugin, com.typesafe.sbt.packager.archetypes.JavaAppPackaging, com.typesafe.sbt.jse.SbtJsEngine, com.typesafe.sbt.digest.SbtDigest, com.typesafe.sbt.packager.archetypes.JavaServerAppPackaging, com.typesafe.sbt.jse.SbtJsTask, play.sbt.Play, com.typesafe.sbt.jshint.SbtJSHint, com.typesafe.sbt.mocha.SbtMocha, com.typesafe.sbt.less.SbtLess, com.typesafe.sbt.rjs.SbtRjs, com.typesafe.sbt.coffeescript.SbtCoffeeScript, play.sbt.PlayScala, play.sbt.PlayNettyServer, play.sbt.PlayLayoutPlugin, play.sbt.forkrun.PlayForkRun)
[Loading] Done in /home/alpha/Courses Monsoon 2k15/CLOUD/Major_Project/docker_paas, returning: (root)
Set current project to docker_paas (in build file:/home/alpha/Courses%20Monsoon%202k15/CLOUD/Major_Project/docker_paas/)
Reapplying settings...
Set current project to docker_paas (in build file:/home/alpha/Courses%20Monsoon%202k15/CLOUD/Major_Project/docker_paas/)
> iflast shell
> server-send-ready-for-request
> server-handle-next-server-request
> compile
Evaluating tasks: compile:compile
Running task... Cancel: sbt.server.ServerTaskCancellation@6077ccc3, check cycles: false

Initial source changes: 
	removed:Set()
	added: Set()
	modified: Set(/home/alpha/Courses Monsoon 2k15/CLOUD/Major_Project/docker_paas/app/controllers/Application.scala)
Removed products: Set()
External API changes: API Changes: Set()
Modified binary dependencies: Set()
Initial directly invalidated sources: Set(/home/alpha/Courses Monsoon 2k15/CLOUD/Major_Project/docker_paas/app/controllers/Application.scala)

Sources indirectly invalidated by:
	product: Set()
	binary dep: Set()
	external source: Set()
All initially invalidated sources: Set(/home/alpha/Courses Monsoon 2k15/CLOUD/Major_Project/docker_paas/app/controllers/Application.scala)

Read from stdout: Compiling 1 Scala source to /home/alpha/Courses Monsoon 2k15/CLOUD/Major_Project/docker_paas/target/scala-2.11/classes...
Compiling 1 Scala source to /home/alpha/Courses Monsoon 2k15/CLOUD/Major_Project/docker_paas/target/scala-2.11/classes...
Getting compiler-interface from component compiler for Scala 2.11.6
Other repositories:
Default repositories:
Getting compiler-interface from component compiler for Scala 2.11.6
Other repositories:
Default repositories:
Running cached compiler 1f3200cf, interfacing (CompilerInterface) with Scala compiler version 2.11.6
Calling Scala compiler with arguments  (CompilerInterface):
	-deprecation
	-unchecked
	-encoding
	utf8
	-bootclasspath
	/usr/lib/jvm/java-8-oracle/jre/lib/resources.jar:/usr/lib/jvm/java-8-oracle/jre/lib/rt.jar:/usr/lib/jvm/java-8-oracle/jre/lib/sunrsasign.jar:/usr/lib/jvm/java-8-oracle/jre/lib/jsse.jar:/usr/lib/jvm/java-8-oracle/jre/lib/jce.jar:/usr/lib/jvm/java-8-oracle/jre/lib/charsets.jar:/usr/lib/jvm/java-8-oracle/jre/lib/jfr.jar:/usr/lib/jvm/java-8-oracle/jre/classes:/home/alpha/.ivy2/cache/org.scala-lang/scala-library/jars/scala-library-2.11.6.jar
	-classpath
	/home/alpha/Courses Monsoon 2k15/CLOUD/Major_Project/docker_paas/target/scala-2.11/classes:/home/alpha/.ivy2/cache/com.typesafe.play/twirl-api_2.11/jars/twirl-api_2.11-1.1.1.jar:/home/alpha/.ivy2/cache/org.apache.commons/commons-lang3/jars/commons-lang3-3.4.jar:/home/alpha/.ivy2/cache/org.scala-lang.modules/scala-xml_2.11/bundles/scala-xml_2.11-1.0.1.jar:/home/alpha/.ivy2/cache/com.typesafe.play/play-server_2.11/jars/play-server_2.11-2.4.4.jar:/home/alpha/.ivy2/cache/com.typesafe.play/play_2.11/jars/play_2.11-2.4.4.jar:/home/alpha/.ivy2/cache/com.typesafe.play/build-link/jars/build-link-2.4.4.jar:/home/alpha/.ivy2/cache/com.typesafe.play/play-exceptions/jars/play-exceptions-2.4.4.jar:/home/alpha/.ivy2/cache/org.javassist/javassist/bundles/javassist-3.19.0-GA.jar:/home/alpha/.ivy2/cache/com.typesafe.play/play-iteratees_2.11/jars/play-iteratees_2.11-2.4.4.jar:/home/alpha/.ivy2/cache/org.scala-stm/scala-stm_2.11/jars/scala-stm_2.11-0.7.jar:/home/alpha/.ivy2/cache/com.typesafe/config/bundles/config-1.3.0.jar:/home/alpha/.ivy2/cache/com.typesafe.play/play-json_2.11/jars/play-json_2.11-2.4.4.jar:/home/alpha/.ivy2/cache/com.typesafe.play/play-functional_2.11/jars/play-functional_2.11-2.4.4.jar:/home/alpha/.ivy2/cache/com.typesafe.play/play-datacommons_2.11/jars/play-datacommons_2.11-2.4.4.jar:/home/alpha/.ivy2/cache/joda-time/joda-time/jars/joda-time-2.8.1.jar:/home/alpha/.ivy2/cache/org.joda/joda-convert/jars/joda-convert-1.7.jar:/home/alpha/.ivy2/cache/org.scala-lang/scala-reflect/jars/scala-reflect-2.11.6.jar:/home/alpha/.ivy2/cache/com.fasterxml.jackson.core/jackson-core/bundles/jackson-core-2.5.4.jar:/home/alpha/.ivy2/cache/com.fasterxml.jackson.core/jackson-annotations/bundles/jackson-annotations-2.5.4.jar:/home/alpha/.ivy2/cache/com.fasterxml.jackson.core/jackson-databind/bundles/jackson-databind-2.5.4.jar:/home/alpha/.ivy2/cache/com.fasterxml.jackson.datatype/jackson-datatype-jdk8/bundles/jackson-datatype-jdk8-2.5.4.jar:/home/alpha/.ivy2/cache/com.fasterxml.jackson.datatype/jackson-datatype-jsr310/bundles/jackson-datatype-jsr310-2.5.4.jar:/home/alpha/.ivy2/cache/com.typesafe.play/play-netty-utils/jars/play-netty-utils-2.4.4.jar:/home/alpha/.ivy2/cache/org.slf4j/slf4j-api/jars/slf4j-api-1.7.12.jar:/home/alpha/.ivy2/cache/org.slf4j/jul-to-slf4j/jars/jul-to-slf4j-1.7.12.jar:/home/alpha/.ivy2/cache/org.slf4j/jcl-over-slf4j/jars/jcl-over-slf4j-1.7.12.jar:/home/alpha/.ivy2/cache/org.scala-lang.modules/scala-parser-combinators_2.11/bundles/scala-parser-combinators_2.11-1.0.1.jar:/home/alpha/.ivy2/cache/ch.qos.logback/logback-core/jars/logback-core-1.1.3.jar:/home/alpha/.ivy2/cache/ch.qos.logback/logback-classic/jars/logback-classic-1.1.3.jar:/home/alpha/.ivy2/cache/com.typesafe.akka/akka-actor_2.11/jars/akka-actor_2.11-2.3.13.jar:/home/alpha/.ivy2/cache/com.typesafe.akka/akka-slf4j_2.11/jars/akka-slf4j_2.11-2.3.13.jar:/home/alpha/.ivy2/cache/commons-codec/commons-codec/jars/commons-codec-1.10.jar:/home/alpha/.ivy2/cache/xerces/xercesImpl/jars/xercesImpl-2.11.0.jar:/home/alpha/.ivy2/cache/xml-apis/xml-apis/jars/xml-apis-1.4.01.jar:/home/alpha/.ivy2/cache/javax.transaction/jta/jars/jta-1.1.jar:/home/alpha/.ivy2/cache/com.google.inject/guice/jars/guice-4.0.jar:/home/alpha/.ivy2/cache/javax.inject/javax.inject/jars/javax.inject-1.jar:/home/alpha/.ivy2/cache/aopalliance/aopalliance/jars/aopalliance-1.0.jar:/home/alpha/.ivy2/cache/com.google.inject.extensions/guice-assistedinject/jars/guice-assistedinject-4.0.jar:/home/alpha/.ivy2/cache/com.typesafe.play/play-netty-server_2.11/jars/play-netty-server_2.11-2.4.4.jar:/home/alpha/.ivy2/cache/io.netty/netty/bundles/netty-3.10.4.Final.jar:/home/alpha/.ivy2/cache/com.typesafe.netty/netty-http-pipelining/jars/netty-http-pipelining-1.1.4.jar:/home/alpha/.ivy2/cache/com.typesafe.play/play-jdbc_2.11/jars/play-jdbc_2.11-2.4.4.jar:/home/alpha/.ivy2/cache/com.typesafe.play/play-jdbc-api_2.11/jars/play-jdbc-api_2.11-2.4.4.jar:/home/alpha/.ivy2/cache/com.jolbox/bonecp/bundles/bonecp-0.8.0.RELEASE.jar:/home/alpha/.ivy2/cache/com.zaxxer/HikariCP/bundles/HikariCP-2.3.7.jar:/home/alpha/.ivy2/cache/com.h2database/h2/jars/h2-1.4.187.jar:/home/alpha/.ivy2/cache/tyrex/tyrex/jars/tyrex-1.0.1.jar:/home/alpha/.ivy2/cache/com.typesafe.play/play-cache_2.11/jars/play-cache_2.11-2.4.4.jar:/home/alpha/.ivy2/cache/net.sf.ehcache/ehcache-core/jars/ehcache-core-2.6.11.jar:/home/alpha/.ivy2/cache/com.typesafe.play/play-ws_2.11/jars/play-ws_2.11-2.4.4.jar:/home/alpha/.ivy2/cache/com.google.guava/guava/bundles/guava-18.0.jar:/home/alpha/.ivy2/cache/com.ning/async-http-client/jars/async-http-client-1.9.21.jar:/home/alpha/.ivy2/cache/oauth.signpost/signpost-core/jars/signpost-core-1.2.1.2.jar:/home/alpha/.ivy2/cache/oauth.signpost/signpost-commonshttp4/jars/signpost-commonshttp4-1.2.1.2.jar:/home/alpha/.ivy2/cache/org.apache.httpcomponents/httpcore/jars/httpcore-4.0.1.jar:/home/alpha/.ivy2/cache/org.apache.httpcomponents/httpclient/jars/httpclient-4.0.1.jar:/home/alpha/.ivy2/cache/commons-logging/commons-logging/jars/commons-logging-1.1.1.jar:/home/alpha/.ivy2/cache/io.argonaut/argonaut_2.11/jars/argonaut_2.11-6.0.4.jar:/home/alpha/.ivy2/cache/org.scalaz/scalaz-core_2.11/bundles/scalaz-core_2.11-7.0.6.jar
Read from stdout: /home/alpha/Courses Monsoon 2k15/CLOUD/Major_Project/docker_paas/app/controllers/Application.scala:41: type mismatch;
Read from stdout: found   : play.api.mvc.Result
Read from stdout: required: scala.sys.process.ProcessLogger
/home/alpha/Courses Monsoon 2k15/CLOUD/Major_Project/docker_paas/app/controllers/Application.scala:41: type mismatch;
 found   : play.api.mvc.Result
 required: scala.sys.process.ProcessLogger
Read from stdout: Ok("serverip: " + targetp)
    Ok("serverip: " + targetp)
Read from stdout: ^
      ^
Read from stdout: /home/alpha/Courses Monsoon 2k15/CLOUD/Major_Project/docker_paas/app/controllers/Application.scala:42: type mismatch;
Read from stdout: found   : Unit
Read from stdout: required: play.api.mvc.Result
/home/alpha/Courses Monsoon 2k15/CLOUD/Major_Project/docker_paas/app/controllers/Application.scala:42: type mismatch;
 found   : Unit
 required: play.api.mvc.Result
Read from stdout: }
  }
Read from stdout: ^
  ^
Read from stdout: two errors found
two errors found
Compilation failed (CompilerInterface)
Read from stdout: (compile:compileIncremental) Compilation failed
(compile:compileIncremental) Compilation failed
Total time: 11 s, completed 22 Nov, 2015 12:21:03 PM
> server-post-command-error-handler
> server-post-command-cleanup
> server-handle-next-server-request
> {file:/home/alpha/Courses%20Monsoon%202k15/CLOUD/Major_Project/docker_paas/}root/compile:discoveredMainClasses
Evaluating tasks: compile:discoveredMainClasses
Running task... Cancel: sbt.server.ServerTaskCancellation@27e38b2a, check cycles: false

Initial source changes: 
	removed:Set()
	added: Set()
	modified: Set(/home/alpha/Courses Monsoon 2k15/CLOUD/Major_Project/docker_paas/app/controllers/Application.scala)
Removed products: Set()
External API changes: API Changes: Set()
Modified binary dependencies: Set()
Initial directly invalidated sources: Set(/home/alpha/Courses Monsoon 2k15/CLOUD/Major_Project/docker_paas/app/controllers/Application.scala)

Sources indirectly invalidated by:
	product: Set()
	binary dep: Set()
	external source: Set()
All initially invalidated sources: Set(/home/alpha/Courses Monsoon 2k15/CLOUD/Major_Project/docker_paas/app/controllers/Application.scala)

Read from stdout: Compiling 1 Scala source to /home/alpha/Courses Monsoon 2k15/CLOUD/Major_Project/docker_paas/target/scala-2.11/classes...
Compiling 1 Scala source to /home/alpha/Courses Monsoon 2k15/CLOUD/Major_Project/docker_paas/target/scala-2.11/classes...
Getting compiler-interface from component compiler for Scala 2.11.6
Other repositories:
Default repositories:
Getting compiler-interface from component compiler for Scala 2.11.6
Other repositories:
Default repositories:
Running cached compiler 437a9bf3, interfacing (CompilerInterface) with Scala compiler version 2.11.6
Calling Scala compiler with arguments  (CompilerInterface):
	-deprecation
	-unchecked
	-encoding
	utf8
	-bootclasspath
	/usr/lib/jvm/java-8-oracle/jre/lib/resources.jar:/usr/lib/jvm/java-8-oracle/jre/lib/rt.jar:/usr/lib/jvm/java-8-oracle/jre/lib/sunrsasign.jar:/usr/lib/jvm/java-8-oracle/jre/lib/jsse.jar:/usr/lib/jvm/java-8-oracle/jre/lib/jce.jar:/usr/lib/jvm/java-8-oracle/jre/lib/charsets.jar:/usr/lib/jvm/java-8-oracle/jre/lib/jfr.jar:/usr/lib/jvm/java-8-oracle/jre/classes:/home/alpha/.ivy2/cache/org.scala-lang/scala-library/jars/scala-library-2.11.6.jar
	-classpath
	/home/alpha/Courses Monsoon 2k15/CLOUD/Major_Project/docker_paas/target/scala-2.11/classes:/home/alpha/.ivy2/cache/com.typesafe.play/twirl-api_2.11/jars/twirl-api_2.11-1.1.1.jar:/home/alpha/.ivy2/cache/org.apache.commons/commons-lang3/jars/commons-lang3-3.4.jar:/home/alpha/.ivy2/cache/org.scala-lang.modules/scala-xml_2.11/bundles/scala-xml_2.11-1.0.1.jar:/home/alpha/.ivy2/cache/com.typesafe.play/play-server_2.11/jars/play-server_2.11-2.4.4.jar:/home/alpha/.ivy2/cache/com.typesafe.play/play_2.11/jars/play_2.11-2.4.4.jar:/home/alpha/.ivy2/cache/com.typesafe.play/build-link/jars/build-link-2.4.4.jar:/home/alpha/.ivy2/cache/com.typesafe.play/play-exceptions/jars/play-exceptions-2.4.4.jar:/home/alpha/.ivy2/cache/org.javassist/javassist/bundles/javassist-3.19.0-GA.jar:/home/alpha/.ivy2/cache/com.typesafe.play/play-iteratees_2.11/jars/play-iteratees_2.11-2.4.4.jar:/home/alpha/.ivy2/cache/org.scala-stm/scala-stm_2.11/jars/scala-stm_2.11-0.7.jar:/home/alpha/.ivy2/cache/com.typesafe/config/bundles/config-1.3.0.jar:/home/alpha/.ivy2/cache/com.typesafe.play/play-json_2.11/jars/play-json_2.11-2.4.4.jar:/home/alpha/.ivy2/cache/com.typesafe.play/play-functional_2.11/jars/play-functional_2.11-2.4.4.jar:/home/alpha/.ivy2/cache/com.typesafe.play/play-datacommons_2.11/jars/play-datacommons_2.11-2.4.4.jar:/home/alpha/.ivy2/cache/joda-time/joda-time/jars/joda-time-2.8.1.jar:/home/alpha/.ivy2/cache/org.joda/joda-convert/jars/joda-convert-1.7.jar:/home/alpha/.ivy2/cache/org.scala-lang/scala-reflect/jars/scala-reflect-2.11.6.jar:/home/alpha/.ivy2/cache/com.fasterxml.jackson.core/jackson-core/bundles/jackson-core-2.5.4.jar:/home/alpha/.ivy2/cache/com.fasterxml.jackson.core/jackson-annotations/bundles/jackson-annotations-2.5.4.jar:/home/alpha/.ivy2/cache/com.fasterxml.jackson.core/jackson-databind/bundles/jackson-databind-2.5.4.jar:/home/alpha/.ivy2/cache/com.fasterxml.jackson.datatype/jackson-datatype-jdk8/bundles/jackson-datatype-jdk8-2.5.4.jar:/home/alpha/.ivy2/cache/com.fasterxml.jackson.datatype/jackson-datatype-jsr310/bundles/jackson-datatype-jsr310-2.5.4.jar:/home/alpha/.ivy2/cache/com.typesafe.play/play-netty-utils/jars/play-netty-utils-2.4.4.jar:/home/alpha/.ivy2/cache/org.slf4j/slf4j-api/jars/slf4j-api-1.7.12.jar:/home/alpha/.ivy2/cache/org.slf4j/jul-to-slf4j/jars/jul-to-slf4j-1.7.12.jar:/home/alpha/.ivy2/cache/org.slf4j/jcl-over-slf4j/jars/jcl-over-slf4j-1.7.12.jar:/home/alpha/.ivy2/cache/org.scala-lang.modules/scala-parser-combinators_2.11/bundles/scala-parser-combinators_2.11-1.0.1.jar:/home/alpha/.ivy2/cache/ch.qos.logback/logback-core/jars/logback-core-1.1.3.jar:/home/alpha/.ivy2/cache/ch.qos.logback/logback-classic/jars/logback-classic-1.1.3.jar:/home/alpha/.ivy2/cache/com.typesafe.akka/akka-actor_2.11/jars/akka-actor_2.11-2.3.13.jar:/home/alpha/.ivy2/cache/com.typesafe.akka/akka-slf4j_2.11/jars/akka-slf4j_2.11-2.3.13.jar:/home/alpha/.ivy2/cache/commons-codec/commons-codec/jars/commons-codec-1.10.jar:/home/alpha/.ivy2/cache/xerces/xercesImpl/jars/xercesImpl-2.11.0.jar:/home/alpha/.ivy2/cache/xml-apis/xml-apis/jars/xml-apis-1.4.01.jar:/home/alpha/.ivy2/cache/javax.transaction/jta/jars/jta-1.1.jar:/home/alpha/.ivy2/cache/com.google.inject/guice/jars/guice-4.0.jar:/home/alpha/.ivy2/cache/javax.inject/javax.inject/jars/javax.inject-1.jar:/home/alpha/.ivy2/cache/aopalliance/aopalliance/jars/aopalliance-1.0.jar:/home/alpha/.ivy2/cache/com.google.inject.extensions/guice-assistedinject/jars/guice-assistedinject-4.0.jar:/home/alpha/.ivy2/cache/com.typesafe.play/play-netty-server_2.11/jars/play-netty-server_2.11-2.4.4.jar:/home/alpha/.ivy2/cache/io.netty/netty/bundles/netty-3.10.4.Final.jar:/home/alpha/.ivy2/cache/com.typesafe.netty/netty-http-pipelining/jars/netty-http-pipelining-1.1.4.jar:/home/alpha/.ivy2/cache/com.typesafe.play/play-jdbc_2.11/jars/play-jdbc_2.11-2.4.4.jar:/home/alpha/.ivy2/cache/com.typesafe.play/play-jdbc-api_2.11/jars/play-jdbc-api_2.11-2.4.4.jar:/home/alpha/.ivy2/cache/com.jolbox/bonecp/bundles/bonecp-0.8.0.RELEASE.jar:/home/alpha/.ivy2/cache/com.zaxxer/HikariCP/bundles/HikariCP-2.3.7.jar:/home/alpha/.ivy2/cache/com.h2database/h2/jars/h2-1.4.187.jar:/home/alpha/.ivy2/cache/tyrex/tyrex/jars/tyrex-1.0.1.jar:/home/alpha/.ivy2/cache/com.typesafe.play/play-cache_2.11/jars/play-cache_2.11-2.4.4.jar:/home/alpha/.ivy2/cache/net.sf.ehcache/ehcache-core/jars/ehcache-core-2.6.11.jar:/home/alpha/.ivy2/cache/com.typesafe.play/play-ws_2.11/jars/play-ws_2.11-2.4.4.jar:/home/alpha/.ivy2/cache/com.google.guava/guava/bundles/guava-18.0.jar:/home/alpha/.ivy2/cache/com.ning/async-http-client/jars/async-http-client-1.9.21.jar:/home/alpha/.ivy2/cache/oauth.signpost/signpost-core/jars/signpost-core-1.2.1.2.jar:/home/alpha/.ivy2/cache/oauth.signpost/signpost-commonshttp4/jars/signpost-commonshttp4-1.2.1.2.jar:/home/alpha/.ivy2/cache/org.apache.httpcomponents/httpcore/jars/httpcore-4.0.1.jar:/home/alpha/.ivy2/cache/org.apache.httpcomponents/httpclient/jars/httpclient-4.0.1.jar:/home/alpha/.ivy2/cache/commons-logging/commons-logging/jars/commons-logging-1.1.1.jar:/home/alpha/.ivy2/cache/io.argonaut/argonaut_2.11/jars/argonaut_2.11-6.0.4.jar:/home/alpha/.ivy2/cache/org.scalaz/scalaz-core_2.11/bundles/scalaz-core_2.11-7.0.6.jar
Read from stdout: /home/alpha/Courses Monsoon 2k15/CLOUD/Major_Project/docker_paas/app/controllers/Application.scala:41: type mismatch;
Read from stdout: found   : play.api.mvc.Result
Read from stdout: required: scala.sys.process.ProcessLogger
/home/alpha/Courses Monsoon 2k15/CLOUD/Major_Project/docker_paas/app/controllers/Application.scala:41: type mismatch;
 found   : play.api.mvc.Result
 required: scala.sys.process.ProcessLogger
Read from stdout: Ok("serverip: " + targetp)
    Ok("serverip: " + targetp)
Read from stdout: ^
      ^
Read from stdout: /home/alpha/Courses Monsoon 2k15/CLOUD/Major_Project/docker_paas/app/controllers/Application.scala:42: type mismatch;
Read from stdout: found   : Unit
Read from stdout: required: play.api.mvc.Result
/home/alpha/Courses Monsoon 2k15/CLOUD/Major_Project/docker_paas/app/controllers/Application.scala:42: type mismatch;
 found   : Unit
 required: play.api.mvc.Result
Read from stdout: }
  }
Read from stdout: ^
  ^
Read from stdout: two errors found
two errors found
Compilation failed (CompilerInterface)
Read from stdout: (compile:compileIncremental) Compilation failed
(compile:compileIncremental) Compilation failed
Total time: 3 s, completed 22 Nov, 2015 12:21:06 PM
> server-post-command-error-handler
> server-post-command-cleanup
> server-handle-next-server-request
> {file:/home/alpha/Courses%20Monsoon%202k15/CLOUD/Major_Project/docker_paas/}root/compile:mainClass
Evaluating tasks: compile:mainClass
Running task... Cancel: sbt.server.ServerTaskCancellation@3cbfbbf7, check cycles: false
Total time: 0 s, completed 22 Nov, 2015 12:21:06 PM
> server-post-command-cleanup
> server-handle-next-server-request
> {file:/home/alpha/Courses%20Monsoon%202k15/CLOUD/Major_Project/docker_paas/}root/compile:discoveredMainClasses
Evaluating tasks: compile:discoveredMainClasses
Running task... Cancel: sbt.server.ServerTaskCancellation@5099fabc, check cycles: false

Initial source changes: 
	removed:Set()
	added: Set()
	modified: Set(/home/alpha/Courses Monsoon 2k15/CLOUD/Major_Project/docker_paas/app/controllers/Application.scala)
Removed products: Set()
External API changes: API Changes: Set()
Modified binary dependencies: Set()
Initial directly invalidated sources: Set(/home/alpha/Courses Monsoon 2k15/CLOUD/Major_Project/docker_paas/app/controllers/Application.scala)

Sources indirectly invalidated by:
	product: Set()
	binary dep: Set()
	external source: Set()
All initially invalidated sources: Set(/home/alpha/Courses Monsoon 2k15/CLOUD/Major_Project/docker_paas/app/controllers/Application.scala)

Read from stdout: Compiling 1 Scala source to /home/alpha/Courses Monsoon 2k15/CLOUD/Major_Project/docker_paas/target/scala-2.11/classes...
Compiling 1 Scala source to /home/alpha/Courses Monsoon 2k15/CLOUD/Major_Project/docker_paas/target/scala-2.11/classes...
Getting compiler-interface from component compiler for Scala 2.11.6
Other repositories:
Default repositories:
Getting compiler-interface from component compiler for Scala 2.11.6
Other repositories:
Default repositories:
Running cached compiler 9a0d687, interfacing (CompilerInterface) with Scala compiler version 2.11.6
Calling Scala compiler with arguments  (CompilerInterface):
	-deprecation
	-unchecked
	-encoding
	utf8
	-bootclasspath
	/usr/lib/jvm/java-8-oracle/jre/lib/resources.jar:/usr/lib/jvm/java-8-oracle/jre/lib/rt.jar:/usr/lib/jvm/java-8-oracle/jre/lib/sunrsasign.jar:/usr/lib/jvm/java-8-oracle/jre/lib/jsse.jar:/usr/lib/jvm/java-8-oracle/jre/lib/jce.jar:/usr/lib/jvm/java-8-oracle/jre/lib/charsets.jar:/usr/lib/jvm/java-8-oracle/jre/lib/jfr.jar:/usr/lib/jvm/java-8-oracle/jre/classes:/home/alpha/.ivy2/cache/org.scala-lang/scala-library/jars/scala-library-2.11.6.jar
	-classpath
	/home/alpha/Courses Monsoon 2k15/CLOUD/Major_Project/docker_paas/target/scala-2.11/classes:/home/alpha/.ivy2/cache/com.typesafe.play/twirl-api_2.11/jars/twirl-api_2.11-1.1.1.jar:/home/alpha/.ivy2/cache/org.apache.commons/commons-lang3/jars/commons-lang3-3.4.jar:/home/alpha/.ivy2/cache/org.scala-lang.modules/scala-xml_2.11/bundles/scala-xml_2.11-1.0.1.jar:/home/alpha/.ivy2/cache/com.typesafe.play/play-server_2.11/jars/play-server_2.11-2.4.4.jar:/home/alpha/.ivy2/cache/com.typesafe.play/play_2.11/jars/play_2.11-2.4.4.jar:/home/alpha/.ivy2/cache/com.typesafe.play/build-link/jars/build-link-2.4.4.jar:/home/alpha/.ivy2/cache/com.typesafe.play/play-exceptions/jars/play-exceptions-2.4.4.jar:/home/alpha/.ivy2/cache/org.javassist/javassist/bundles/javassist-3.19.0-GA.jar:/home/alpha/.ivy2/cache/com.typesafe.play/play-iteratees_2.11/jars/play-iteratees_2.11-2.4.4.jar:/home/alpha/.ivy2/cache/org.scala-stm/scala-stm_2.11/jars/scala-stm_2.11-0.7.jar:/home/alpha/.ivy2/cache/com.typesafe/config/bundles/config-1.3.0.jar:/home/alpha/.ivy2/cache/com.typesafe.play/play-json_2.11/jars/play-json_2.11-2.4.4.jar:/home/alpha/.ivy2/cache/com.typesafe.play/play-functional_2.11/jars/play-functional_2.11-2.4.4.jar:/home/alpha/.ivy2/cache/com.typesafe.play/play-datacommons_2.11/jars/play-datacommons_2.11-2.4.4.jar:/home/alpha/.ivy2/cache/joda-time/joda-time/jars/joda-time-2.8.1.jar:/home/alpha/.ivy2/cache/org.joda/joda-convert/jars/joda-convert-1.7.jar:/home/alpha/.ivy2/cache/org.scala-lang/scala-reflect/jars/scala-reflect-2.11.6.jar:/home/alpha/.ivy2/cache/com.fasterxml.jackson.core/jackson-core/bundles/jackson-core-2.5.4.jar:/home/alpha/.ivy2/cache/com.fasterxml.jackson.core/jackson-annotations/bundles/jackson-annotations-2.5.4.jar:/home/alpha/.ivy2/cache/com.fasterxml.jackson.core/jackson-databind/bundles/jackson-databind-2.5.4.jar:/home/alpha/.ivy2/cache/com.fasterxml.jackson.datatype/jackson-datatype-jdk8/bundles/jackson-datatype-jdk8-2.5.4.jar:/home/alpha/.ivy2/cache/com.fasterxml.jackson.datatype/jackson-datatype-jsr310/bundles/jackson-datatype-jsr310-2.5.4.jar:/home/alpha/.ivy2/cache/com.typesafe.play/play-netty-utils/jars/play-netty-utils-2.4.4.jar:/home/alpha/.ivy2/cache/org.slf4j/slf4j-api/jars/slf4j-api-1.7.12.jar:/home/alpha/.ivy2/cache/org.slf4j/jul-to-slf4j/jars/jul-to-slf4j-1.7.12.jar:/home/alpha/.ivy2/cache/org.slf4j/jcl-over-slf4j/jars/jcl-over-slf4j-1.7.12.jar:/home/alpha/.ivy2/cache/org.scala-lang.modules/scala-parser-combinators_2.11/bundles/scala-parser-combinators_2.11-1.0.1.jar:/home/alpha/.ivy2/cache/ch.qos.logback/logback-core/jars/logback-core-1.1.3.jar:/home/alpha/.ivy2/cache/ch.qos.logback/logback-classic/jars/logback-classic-1.1.3.jar:/home/alpha/.ivy2/cache/com.typesafe.akka/akka-actor_2.11/jars/akka-actor_2.11-2.3.13.jar:/home/alpha/.ivy2/cache/com.typesafe.akka/akka-slf4j_2.11/jars/akka-slf4j_2.11-2.3.13.jar:/home/alpha/.ivy2/cache/commons-codec/commons-codec/jars/commons-codec-1.10.jar:/home/alpha/.ivy2/cache/xerces/xercesImpl/jars/xercesImpl-2.11.0.jar:/home/alpha/.ivy2/cache/xml-apis/xml-apis/jars/xml-apis-1.4.01.jar:/home/alpha/.ivy2/cache/javax.transaction/jta/jars/jta-1.1.jar:/home/alpha/.ivy2/cache/com.google.inject/guice/jars/guice-4.0.jar:/home/alpha/.ivy2/cache/javax.inject/javax.inject/jars/javax.inject-1.jar:/home/alpha/.ivy2/cache/aopalliance/aopalliance/jars/aopalliance-1.0.jar:/home/alpha/.ivy2/cache/com.google.inject.extensions/guice-assistedinject/jars/guice-assistedinject-4.0.jar:/home/alpha/.ivy2/cache/com.typesafe.play/play-netty-server_2.11/jars/play-netty-server_2.11-2.4.4.jar:/home/alpha/.ivy2/cache/io.netty/netty/bundles/netty-3.10.4.Final.jar:/home/alpha/.ivy2/cache/com.typesafe.netty/netty-http-pipelining/jars/netty-http-pipelining-1.1.4.jar:/home/alpha/.ivy2/cache/com.typesafe.play/play-jdbc_2.11/jars/play-jdbc_2.11-2.4.4.jar:/home/alpha/.ivy2/cache/com.typesafe.play/play-jdbc-api_2.11/jars/play-jdbc-api_2.11-2.4.4.jar:/home/alpha/.ivy2/cache/com.jolbox/bonecp/bundles/bonecp-0.8.0.RELEASE.jar:/home/alpha/.ivy2/cache/com.zaxxer/HikariCP/bundles/HikariCP-2.3.7.jar:/home/alpha/.ivy2/cache/com.h2database/h2/jars/h2-1.4.187.jar:/home/alpha/.ivy2/cache/tyrex/tyrex/jars/tyrex-1.0.1.jar:/home/alpha/.ivy2/cache/com.typesafe.play/play-cache_2.11/jars/play-cache_2.11-2.4.4.jar:/home/alpha/.ivy2/cache/net.sf.ehcache/ehcache-core/jars/ehcache-core-2.6.11.jar:/home/alpha/.ivy2/cache/com.typesafe.play/play-ws_2.11/jars/play-ws_2.11-2.4.4.jar:/home/alpha/.ivy2/cache/com.google.guava/guava/bundles/guava-18.0.jar:/home/alpha/.ivy2/cache/com.ning/async-http-client/jars/async-http-client-1.9.21.jar:/home/alpha/.ivy2/cache/oauth.signpost/signpost-core/jars/signpost-core-1.2.1.2.jar:/home/alpha/.ivy2/cache/oauth.signpost/signpost-commonshttp4/jars/signpost-commonshttp4-1.2.1.2.jar:/home/alpha/.ivy2/cache/org.apache.httpcomponents/httpcore/jars/httpcore-4.0.1.jar:/home/alpha/.ivy2/cache/org.apache.httpcomponents/httpclient/jars/httpclient-4.0.1.jar:/home/alpha/.ivy2/cache/commons-logging/commons-logging/jars/commons-logging-1.1.1.jar:/home/alpha/.ivy2/cache/io.argonaut/argonaut_2.11/jars/argonaut_2.11-6.0.4.jar:/home/alpha/.ivy2/cache/org.scalaz/scalaz-core_2.11/bundles/scalaz-core_2.11-7.0.6.jar
Read from stdout: /home/alpha/Courses Monsoon 2k15/CLOUD/Major_Project/docker_paas/app/controllers/Application.scala:41: type mismatch;
Read from stdout: found   : play.api.mvc.Result
Read from stdout: required: scala.sys.process.ProcessLogger
/home/alpha/Courses Monsoon 2k15/CLOUD/Major_Project/docker_paas/app/controllers/Application.scala:41: type mismatch;
 found   : play.api.mvc.Result
 required: scala.sys.process.ProcessLogger
Read from stdout: Ok("serverip: " + targetp)
    Ok("serverip: " + targetp)
Read from stdout: ^
      ^
Read from stdout: /home/alpha/Courses Monsoon 2k15/CLOUD/Major_Project/docker_paas/app/controllers/Application.scala:42: type mismatch;
Read from stdout: found   : Unit
Read from stdout: required: play.api.mvc.Result
/home/alpha/Courses Monsoon 2k15/CLOUD/Major_Project/docker_paas/app/controllers/Application.scala:42: type mismatch;
 found   : Unit
 required: play.api.mvc.Result
Read from stdout: }
  }
Read from stdout: ^
  ^
Read from stdout: two errors found
two errors found
Compilation failed (CompilerInterface)
Read from stdout: (compile:compileIncremental) Compilation failed
(compile:compileIncremental) Compilation failed
Total time: 2 s, completed 22 Nov, 2015 12:21:08 PM
> server-post-command-error-handler
> server-post-command-cleanup
> server-handle-next-server-request
> {file:/home/alpha/Courses%20Monsoon%202k15/CLOUD/Major_Project/docker_paas/}root/compile:mainClass
Evaluating tasks: compile:mainClass
Running task... Cancel: sbt.server.ServerTaskCancellation@13d39825, check cycles: false
Total time: 0 s, completed 22 Nov, 2015 12:21:09 PM
> server-post-command-cleanup
> server-handle-next-server-request
> compile
Evaluating tasks: compile:compile
Running task... Cancel: sbt.server.ServerTaskCancellation@177d14cc, check cycles: false

Initial source changes: 
	removed:Set()
	added: Set()
	modified: Set(/home/alpha/Courses Monsoon 2k15/CLOUD/Major_Project/docker_paas/app/controllers/Application.scala)
Removed products: Set()
External API changes: API Changes: Set()
Modified binary dependencies: Set()
Initial directly invalidated sources: Set(/home/alpha/Courses Monsoon 2k15/CLOUD/Major_Project/docker_paas/app/controllers/Application.scala)

Sources indirectly invalidated by:
	product: Set()
	binary dep: Set()
	external source: Set()
All initially invalidated sources: Set(/home/alpha/Courses Monsoon 2k15/CLOUD/Major_Project/docker_paas/app/controllers/Application.scala)

Read from stdout: Compiling 1 Scala source to /home/alpha/Courses Monsoon 2k15/CLOUD/Major_Project/docker_paas/target/scala-2.11/classes...
Compiling 1 Scala source to /home/alpha/Courses Monsoon 2k15/CLOUD/Major_Project/docker_paas/target/scala-2.11/classes...
Getting compiler-interface from component compiler for Scala 2.11.6
Other repositories:
Default repositories:
Getting compiler-interface from component compiler for Scala 2.11.6
Other repositories:
Default repositories:
Running cached compiler 6d9d5b8a, interfacing (CompilerInterface) with Scala compiler version 2.11.6
Calling Scala compiler with arguments  (CompilerInterface):
	-deprecation
	-unchecked
	-encoding
	utf8
	-bootclasspath
	/usr/lib/jvm/java-8-oracle/jre/lib/resources.jar:/usr/lib/jvm/java-8-oracle/jre/lib/rt.jar:/usr/lib/jvm/java-8-oracle/jre/lib/sunrsasign.jar:/usr/lib/jvm/java-8-oracle/jre/lib/jsse.jar:/usr/lib/jvm/java-8-oracle/jre/lib/jce.jar:/usr/lib/jvm/java-8-oracle/jre/lib/charsets.jar:/usr/lib/jvm/java-8-oracle/jre/lib/jfr.jar:/usr/lib/jvm/java-8-oracle/jre/classes:/home/alpha/.ivy2/cache/org.scala-lang/scala-library/jars/scala-library-2.11.6.jar
	-classpath
	/home/alpha/Courses Monsoon 2k15/CLOUD/Major_Project/docker_paas/target/scala-2.11/classes:/home/alpha/.ivy2/cache/com.typesafe.play/twirl-api_2.11/jars/twirl-api_2.11-1.1.1.jar:/home/alpha/.ivy2/cache/org.apache.commons/commons-lang3/jars/commons-lang3-3.4.jar:/home/alpha/.ivy2/cache/org.scala-lang.modules/scala-xml_2.11/bundles/scala-xml_2.11-1.0.1.jar:/home/alpha/.ivy2/cache/com.typesafe.play/play-server_2.11/jars/play-server_2.11-2.4.4.jar:/home/alpha/.ivy2/cache/com.typesafe.play/play_2.11/jars/play_2.11-2.4.4.jar:/home/alpha/.ivy2/cache/com.typesafe.play/build-link/jars/build-link-2.4.4.jar:/home/alpha/.ivy2/cache/com.typesafe.play/play-exceptions/jars/play-exceptions-2.4.4.jar:/home/alpha/.ivy2/cache/org.javassist/javassist/bundles/javassist-3.19.0-GA.jar:/home/alpha/.ivy2/cache/com.typesafe.play/play-iteratees_2.11/jars/play-iteratees_2.11-2.4.4.jar:/home/alpha/.ivy2/cache/org.scala-stm/scala-stm_2.11/jars/scala-stm_2.11-0.7.jar:/home/alpha/.ivy2/cache/com.typesafe/config/bundles/config-1.3.0.jar:/home/alpha/.ivy2/cache/com.typesafe.play/play-json_2.11/jars/play-json_2.11-2.4.4.jar:/home/alpha/.ivy2/cache/com.typesafe.play/play-functional_2.11/jars/play-functional_2.11-2.4.4.jar:/home/alpha/.ivy2/cache/com.typesafe.play/play-datacommons_2.11/jars/play-datacommons_2.11-2.4.4.jar:/home/alpha/.ivy2/cache/joda-time/joda-time/jars/joda-time-2.8.1.jar:/home/alpha/.ivy2/cache/org.joda/joda-convert/jars/joda-convert-1.7.jar:/home/alpha/.ivy2/cache/org.scala-lang/scala-reflect/jars/scala-reflect-2.11.6.jar:/home/alpha/.ivy2/cache/com.fasterxml.jackson.core/jackson-core/bundles/jackson-core-2.5.4.jar:/home/alpha/.ivy2/cache/com.fasterxml.jackson.core/jackson-annotations/bundles/jackson-annotations-2.5.4.jar:/home/alpha/.ivy2/cache/com.fasterxml.jackson.core/jackson-databind/bundles/jackson-databind-2.5.4.jar:/home/alpha/.ivy2/cache/com.fasterxml.jackson.datatype/jackson-datatype-jdk8/bundles/jackson-datatype-jdk8-2.5.4.jar:/home/alpha/.ivy2/cache/com.fasterxml.jackson.datatype/jackson-datatype-jsr310/bundles/jackson-datatype-jsr310-2.5.4.jar:/home/alpha/.ivy2/cache/com.typesafe.play/play-netty-utils/jars/play-netty-utils-2.4.4.jar:/home/alpha/.ivy2/cache/org.slf4j/slf4j-api/jars/slf4j-api-1.7.12.jar:/home/alpha/.ivy2/cache/org.slf4j/jul-to-slf4j/jars/jul-to-slf4j-1.7.12.jar:/home/alpha/.ivy2/cache/org.slf4j/jcl-over-slf4j/jars/jcl-over-slf4j-1.7.12.jar:/home/alpha/.ivy2/cache/org.scala-lang.modules/scala-parser-combinators_2.11/bundles/scala-parser-combinators_2.11-1.0.1.jar:/home/alpha/.ivy2/cache/ch.qos.logback/logback-core/jars/logback-core-1.1.3.jar:/home/alpha/.ivy2/cache/ch.qos.logback/logback-classic/jars/logback-classic-1.1.3.jar:/home/alpha/.ivy2/cache/com.typesafe.akka/akka-actor_2.11/jars/akka-actor_2.11-2.3.13.jar:/home/alpha/.ivy2/cache/com.typesafe.akka/akka-slf4j_2.11/jars/akka-slf4j_2.11-2.3.13.jar:/home/alpha/.ivy2/cache/commons-codec/commons-codec/jars/commons-codec-1.10.jar:/home/alpha/.ivy2/cache/xerces/xercesImpl/jars/xercesImpl-2.11.0.jar:/home/alpha/.ivy2/cache/xml-apis/xml-apis/jars/xml-apis-1.4.01.jar:/home/alpha/.ivy2/cache/javax.transaction/jta/jars/jta-1.1.jar:/home/alpha/.ivy2/cache/com.google.inject/guice/jars/guice-4.0.jar:/home/alpha/.ivy2/cache/javax.inject/javax.inject/jars/javax.inject-1.jar:/home/alpha/.ivy2/cache/aopalliance/aopalliance/jars/aopalliance-1.0.jar:/home/alpha/.ivy2/cache/com.google.inject.extensions/guice-assistedinject/jars/guice-assistedinject-4.0.jar:/home/alpha/.ivy2/cache/com.typesafe.play/play-netty-server_2.11/jars/play-netty-server_2.11-2.4.4.jar:/home/alpha/.ivy2/cache/io.netty/netty/bundles/netty-3.10.4.Final.jar:/home/alpha/.ivy2/cache/com.typesafe.netty/netty-http-pipelining/jars/netty-http-pipelining-1.1.4.jar:/home/alpha/.ivy2/cache/com.typesafe.play/play-jdbc_2.11/jars/play-jdbc_2.11-2.4.4.jar:/home/alpha/.ivy2/cache/com.typesafe.play/play-jdbc-api_2.11/jars/play-jdbc-api_2.11-2.4.4.jar:/home/alpha/.ivy2/cache/com.jolbox/bonecp/bundles/bonecp-0.8.0.RELEASE.jar:/home/alpha/.ivy2/cache/com.zaxxer/HikariCP/bundles/HikariCP-2.3.7.jar:/home/alpha/.ivy2/cache/com.h2database/h2/jars/h2-1.4.187.jar:/home/alpha/.ivy2/cache/tyrex/tyrex/jars/tyrex-1.0.1.jar:/home/alpha/.ivy2/cache/com.typesafe.play/play-cache_2.11/jars/play-cache_2.11-2.4.4.jar:/home/alpha/.ivy2/cache/net.sf.ehcache/ehcache-core/jars/ehcache-core-2.6.11.jar:/home/alpha/.ivy2/cache/com.typesafe.play/play-ws_2.11/jars/play-ws_2.11-2.4.4.jar:/home/alpha/.ivy2/cache/com.google.guava/guava/bundles/guava-18.0.jar:/home/alpha/.ivy2/cache/com.ning/async-http-client/jars/async-http-client-1.9.21.jar:/home/alpha/.ivy2/cache/oauth.signpost/signpost-core/jars/signpost-core-1.2.1.2.jar:/home/alpha/.ivy2/cache/oauth.signpost/signpost-commonshttp4/jars/signpost-commonshttp4-1.2.1.2.jar:/home/alpha/.ivy2/cache/org.apache.httpcomponents/httpcore/jars/httpcore-4.0.1.jar:/home/alpha/.ivy2/cache/org.apache.httpcomponents/httpclient/jars/httpclient-4.0.1.jar:/home/alpha/.ivy2/cache/commons-logging/commons-logging/jars/commons-logging-1.1.1.jar:/home/alpha/.ivy2/cache/io.argonaut/argonaut_2.11/jars/argonaut_2.11-6.0.4.jar:/home/alpha/.ivy2/cache/org.scalaz/scalaz-core_2.11/bundles/scalaz-core_2.11-7.0.6.jar
Read from stdout: /home/alpha/Courses Monsoon 2k15/CLOUD/Major_Project/docker_paas/app/controllers/Application.scala:41: type mismatch;
Read from stdout: found   : play.api.mvc.Result
Read from stdout: required: scala.sys.process.ProcessLogger
/home/alpha/Courses Monsoon 2k15/CLOUD/Major_Project/docker_paas/app/controllers/Application.scala:41: type mismatch;
 found   : play.api.mvc.Result
 required: scala.sys.process.ProcessLogger
Read from stdout: Ok("serverip: " + targetp)
    Ok("serverip: " + targetp)
Read from stdout: ^
      ^
Read from stdout: /home/alpha/Courses Monsoon 2k15/CLOUD/Major_Project/docker_paas/app/controllers/Application.scala:42: type mismatch;
Read from stdout: found   : Unit
Read from stdout: required: play.api.mvc.Result
/home/alpha/Courses Monsoon 2k15/CLOUD/Major_Project/docker_paas/app/controllers/Application.scala:42: type mismatch;
 found   : Unit
 required: play.api.mvc.Result
Read from stdout: }
  }
Read from stdout: ^
  ^
Read from stdout: two errors found
two errors found
Compilation failed (CompilerInterface)
Read from stdout: (compile:compileIncremental) Compilation failed
(compile:compileIncremental) Compilation failed
Total time: 1 s, completed 22 Nov, 2015 12:22:27 PM
> server-post-command-error-handler
> server-post-command-cleanup
> server-handle-next-server-request
> compile
Evaluating tasks: compile:compile
Running task... Cancel: sbt.server.ServerTaskCancellation@44de0d1a, check cycles: false

Initial source changes: 
	removed:Set()
	added: Set()
	modified: Set(/home/alpha/Courses Monsoon 2k15/CLOUD/Major_Project/docker_paas/app/controllers/Application.scala)
Removed products: Set()
External API changes: API Changes: Set()
Modified binary dependencies: Set()
Initial directly invalidated sources: Set(/home/alpha/Courses Monsoon 2k15/CLOUD/Major_Project/docker_paas/app/controllers/Application.scala)

Sources indirectly invalidated by:
	product: Set()
	binary dep: Set()
	external source: Set()
All initially invalidated sources: Set(/home/alpha/Courses Monsoon 2k15/CLOUD/Major_Project/docker_paas/app/controllers/Application.scala)

Read from stdout: Compiling 1 Scala source to /home/alpha/Courses Monsoon 2k15/CLOUD/Major_Project/docker_paas/target/scala-2.11/classes...
Compiling 1 Scala source to /home/alpha/Courses Monsoon 2k15/CLOUD/Major_Project/docker_paas/target/scala-2.11/classes...
Getting compiler-interface from component compiler for Scala 2.11.6
Other repositories:
Default repositories:
Getting compiler-interface from component compiler for Scala 2.11.6
Other repositories:
Default repositories:
Running cached compiler 35cabe43, interfacing (CompilerInterface) with Scala compiler version 2.11.6
Calling Scala compiler with arguments  (CompilerInterface):
	-deprecation
	-unchecked
	-encoding
	utf8
	-bootclasspath
	/usr/lib/jvm/java-8-oracle/jre/lib/resources.jar:/usr/lib/jvm/java-8-oracle/jre/lib/rt.jar:/usr/lib/jvm/java-8-oracle/jre/lib/sunrsasign.jar:/usr/lib/jvm/java-8-oracle/jre/lib/jsse.jar:/usr/lib/jvm/java-8-oracle/jre/lib/jce.jar:/usr/lib/jvm/java-8-oracle/jre/lib/charsets.jar:/usr/lib/jvm/java-8-oracle/jre/lib/jfr.jar:/usr/lib/jvm/java-8-oracle/jre/classes:/home/alpha/.ivy2/cache/org.scala-lang/scala-library/jars/scala-library-2.11.6.jar
	-classpath
	/home/alpha/Courses Monsoon 2k15/CLOUD/Major_Project/docker_paas/target/scala-2.11/classes:/home/alpha/.ivy2/cache/com.typesafe.play/twirl-api_2.11/jars/twirl-api_2.11-1.1.1.jar:/home/alpha/.ivy2/cache/org.apache.commons/commons-lang3/jars/commons-lang3-3.4.jar:/home/alpha/.ivy2/cache/org.scala-lang.modules/scala-xml_2.11/bundles/scala-xml_2.11-1.0.1.jar:/home/alpha/.ivy2/cache/com.typesafe.play/play-server_2.11/jars/play-server_2.11-2.4.4.jar:/home/alpha/.ivy2/cache/com.typesafe.play/play_2.11/jars/play_2.11-2.4.4.jar:/home/alpha/.ivy2/cache/com.typesafe.play/build-link/jars/build-link-2.4.4.jar:/home/alpha/.ivy2/cache/com.typesafe.play/play-exceptions/jars/play-exceptions-2.4.4.jar:/home/alpha/.ivy2/cache/org.javassist/javassist/bundles/javassist-3.19.0-GA.jar:/home/alpha/.ivy2/cache/com.typesafe.play/play-iteratees_2.11/jars/play-iteratees_2.11-2.4.4.jar:/home/alpha/.ivy2/cache/org.scala-stm/scala-stm_2.11/jars/scala-stm_2.11-0.7.jar:/home/alpha/.ivy2/cache/com.typesafe/config/bundles/config-1.3.0.jar:/home/alpha/.ivy2/cache/com.typesafe.play/play-json_2.11/jars/play-json_2.11-2.4.4.jar:/home/alpha/.ivy2/cache/com.typesafe.play/play-functional_2.11/jars/play-functional_2.11-2.4.4.jar:/home/alpha/.ivy2/cache/com.typesafe.play/play-datacommons_2.11/jars/play-datacommons_2.11-2.4.4.jar:/home/alpha/.ivy2/cache/joda-time/joda-time/jars/joda-time-2.8.1.jar:/home/alpha/.ivy2/cache/org.joda/joda-convert/jars/joda-convert-1.7.jar:/home/alpha/.ivy2/cache/org.scala-lang/scala-reflect/jars/scala-reflect-2.11.6.jar:/home/alpha/.ivy2/cache/com.fasterxml.jackson.core/jackson-core/bundles/jackson-core-2.5.4.jar:/home/alpha/.ivy2/cache/com.fasterxml.jackson.core/jackson-annotations/bundles/jackson-annotations-2.5.4.jar:/home/alpha/.ivy2/cache/com.fasterxml.jackson.core/jackson-databind/bundles/jackson-databind-2.5.4.jar:/home/alpha/.ivy2/cache/com.fasterxml.jackson.datatype/jackson-datatype-jdk8/bundles/jackson-datatype-jdk8-2.5.4.jar:/home/alpha/.ivy2/cache/com.fasterxml.jackson.datatype/jackson-datatype-jsr310/bundles/jackson-datatype-jsr310-2.5.4.jar:/home/alpha/.ivy2/cache/com.typesafe.play/play-netty-utils/jars/play-netty-utils-2.4.4.jar:/home/alpha/.ivy2/cache/org.slf4j/slf4j-api/jars/slf4j-api-1.7.12.jar:/home/alpha/.ivy2/cache/org.slf4j/jul-to-slf4j/jars/jul-to-slf4j-1.7.12.jar:/home/alpha/.ivy2/cache/org.slf4j/jcl-over-slf4j/jars/jcl-over-slf4j-1.7.12.jar:/home/alpha/.ivy2/cache/org.scala-lang.modules/scala-parser-combinators_2.11/bundles/scala-parser-combinators_2.11-1.0.1.jar:/home/alpha/.ivy2/cache/ch.qos.logback/logback-core/jars/logback-core-1.1.3.jar:/home/alpha/.ivy2/cache/ch.qos.logback/logback-classic/jars/logback-classic-1.1.3.jar:/home/alpha/.ivy2/cache/com.typesafe.akka/akka-actor_2.11/jars/akka-actor_2.11-2.3.13.jar:/home/alpha/.ivy2/cache/com.typesafe.akka/akka-slf4j_2.11/jars/akka-slf4j_2.11-2.3.13.jar:/home/alpha/.ivy2/cache/commons-codec/commons-codec/jars/commons-codec-1.10.jar:/home/alpha/.ivy2/cache/xerces/xercesImpl/jars/xercesImpl-2.11.0.jar:/home/alpha/.ivy2/cache/xml-apis/xml-apis/jars/xml-apis-1.4.01.jar:/home/alpha/.ivy2/cache/javax.transaction/jta/jars/jta-1.1.jar:/home/alpha/.ivy2/cache/com.google.inject/guice/jars/guice-4.0.jar:/home/alpha/.ivy2/cache/javax.inject/javax.inject/jars/javax.inject-1.jar:/home/alpha/.ivy2/cache/aopalliance/aopalliance/jars/aopalliance-1.0.jar:/home/alpha/.ivy2/cache/com.google.inject.extensions/guice-assistedinject/jars/guice-assistedinject-4.0.jar:/home/alpha/.ivy2/cache/com.typesafe.play/play-netty-server_2.11/jars/play-netty-server_2.11-2.4.4.jar:/home/alpha/.ivy2/cache/io.netty/netty/bundles/netty-3.10.4.Final.jar:/home/alpha/.ivy2/cache/com.typesafe.netty/netty-http-pipelining/jars/netty-http-pipelining-1.1.4.jar:/home/alpha/.ivy2/cache/com.typesafe.play/play-jdbc_2.11/jars/play-jdbc_2.11-2.4.4.jar:/home/alpha/.ivy2/cache/com.typesafe.play/play-jdbc-api_2.11/jars/play-jdbc-api_2.11-2.4.4.jar:/home/alpha/.ivy2/cache/com.jolbox/bonecp/bundles/bonecp-0.8.0.RELEASE.jar:/home/alpha/.ivy2/cache/com.zaxxer/HikariCP/bundles/HikariCP-2.3.7.jar:/home/alpha/.ivy2/cache/com.h2database/h2/jars/h2-1.4.187.jar:/home/alpha/.ivy2/cache/tyrex/tyrex/jars/tyrex-1.0.1.jar:/home/alpha/.ivy2/cache/com.typesafe.play/play-cache_2.11/jars/play-cache_2.11-2.4.4.jar:/home/alpha/.ivy2/cache/net.sf.ehcache/ehcache-core/jars/ehcache-core-2.6.11.jar:/home/alpha/.ivy2/cache/com.typesafe.play/play-ws_2.11/jars/play-ws_2.11-2.4.4.jar:/home/alpha/.ivy2/cache/com.google.guava/guava/bundles/guava-18.0.jar:/home/alpha/.ivy2/cache/com.ning/async-http-client/jars/async-http-client-1.9.21.jar:/home/alpha/.ivy2/cache/oauth.signpost/signpost-core/jars/signpost-core-1.2.1.2.jar:/home/alpha/.ivy2/cache/oauth.signpost/signpost-commonshttp4/jars/signpost-commonshttp4-1.2.1.2.jar:/home/alpha/.ivy2/cache/org.apache.httpcomponents/httpcore/jars/httpcore-4.0.1.jar:/home/alpha/.ivy2/cache/org.apache.httpcomponents/httpclient/jars/httpclient-4.0.1.jar:/home/alpha/.ivy2/cache/commons-logging/commons-logging/jars/commons-logging-1.1.1.jar:/home/alpha/.ivy2/cache/io.argonaut/argonaut_2.11/jars/argonaut_2.11-6.0.4.jar:/home/alpha/.ivy2/cache/org.scalaz/scalaz-core_2.11/bundles/scalaz-core_2.11-7.0.6.jar
Read from stdout: /home/alpha/Courses Monsoon 2k15/CLOUD/Major_Project/docker_paas/app/controllers/Application.scala:41: type mismatch;
Read from stdout: found   : play.api.mvc.Result
Read from stdout: required: scala.sys.process.ProcessLogger
/home/alpha/Courses Monsoon 2k15/CLOUD/Major_Project/docker_paas/app/controllers/Application.scala:41: type mismatch;
 found   : play.api.mvc.Result
 required: scala.sys.process.ProcessLogger
Read from stdout: Ok("serverip: ")
    Ok("serverip: ")
Read from stdout: ^
      ^
Read from stdout: /home/alpha/Courses Monsoon 2k15/CLOUD/Major_Project/docker_paas/app/controllers/Application.scala:42: type mismatch;
Read from stdout: found   : Unit
Read from stdout: required: play.api.mvc.Result
/home/alpha/Courses Monsoon 2k15/CLOUD/Major_Project/docker_paas/app/controllers/Application.scala:42: type mismatch;
 found   : Unit
 required: play.api.mvc.Result
Read from stdout: }
  }
Read from stdout: ^
  ^
Read from stdout: two errors found
two errors found
Compilation failed (CompilerInterface)
Read from stdout: (compile:compileIncremental) Compilation failed
(compile:compileIncremental) Compilation failed
Total time: 2 s, completed 22 Nov, 2015 12:25:38 PM
> server-post-command-error-handler
> server-post-command-cleanup
> server-handle-next-server-request
> compile
Evaluating tasks: compile:compile
Running task... Cancel: sbt.server.ServerTaskCancellation@61d27c2a, check cycles: false

Initial source changes: 
	removed:Set()
	added: Set()
	modified: Set(/home/alpha/Courses Monsoon 2k15/CLOUD/Major_Project/docker_paas/app/controllers/Application.scala)
Removed products: Set()
External API changes: API Changes: Set()
Modified binary dependencies: Set()
Initial directly invalidated sources: Set(/home/alpha/Courses Monsoon 2k15/CLOUD/Major_Project/docker_paas/app/controllers/Application.scala)

Sources indirectly invalidated by:
	product: Set()
	binary dep: Set()
	external source: Set()
All initially invalidated sources: Set(/home/alpha/Courses Monsoon 2k15/CLOUD/Major_Project/docker_paas/app/controllers/Application.scala)

Read from stdout: Compiling 1 Scala source to /home/alpha/Courses Monsoon 2k15/CLOUD/Major_Project/docker_paas/target/scala-2.11/classes...
Compiling 1 Scala source to /home/alpha/Courses Monsoon 2k15/CLOUD/Major_Project/docker_paas/target/scala-2.11/classes...
Getting compiler-interface from component compiler for Scala 2.11.6
Other repositories:
Default repositories:
Getting compiler-interface from component compiler for Scala 2.11.6
Other repositories:
Default repositories:
Running cached compiler 25c78383, interfacing (CompilerInterface) with Scala compiler version 2.11.6
Calling Scala compiler with arguments  (CompilerInterface):
	-deprecation
	-unchecked
	-encoding
	utf8
	-bootclasspath
	/usr/lib/jvm/java-8-oracle/jre/lib/resources.jar:/usr/lib/jvm/java-8-oracle/jre/lib/rt.jar:/usr/lib/jvm/java-8-oracle/jre/lib/sunrsasign.jar:/usr/lib/jvm/java-8-oracle/jre/lib/jsse.jar:/usr/lib/jvm/java-8-oracle/jre/lib/jce.jar:/usr/lib/jvm/java-8-oracle/jre/lib/charsets.jar:/usr/lib/jvm/java-8-oracle/jre/lib/jfr.jar:/usr/lib/jvm/java-8-oracle/jre/classes:/home/alpha/.ivy2/cache/org.scala-lang/scala-library/jars/scala-library-2.11.6.jar
	-classpath
	/home/alpha/Courses Monsoon 2k15/CLOUD/Major_Project/docker_paas/target/scala-2.11/classes:/home/alpha/.ivy2/cache/com.typesafe.play/twirl-api_2.11/jars/twirl-api_2.11-1.1.1.jar:/home/alpha/.ivy2/cache/org.apache.commons/commons-lang3/jars/commons-lang3-3.4.jar:/home/alpha/.ivy2/cache/org.scala-lang.modules/scala-xml_2.11/bundles/scala-xml_2.11-1.0.1.jar:/home/alpha/.ivy2/cache/com.typesafe.play/play-server_2.11/jars/play-server_2.11-2.4.4.jar:/home/alpha/.ivy2/cache/com.typesafe.play/play_2.11/jars/play_2.11-2.4.4.jar:/home/alpha/.ivy2/cache/com.typesafe.play/build-link/jars/build-link-2.4.4.jar:/home/alpha/.ivy2/cache/com.typesafe.play/play-exceptions/jars/play-exceptions-2.4.4.jar:/home/alpha/.ivy2/cache/org.javassist/javassist/bundles/javassist-3.19.0-GA.jar:/home/alpha/.ivy2/cache/com.typesafe.play/play-iteratees_2.11/jars/play-iteratees_2.11-2.4.4.jar:/home/alpha/.ivy2/cache/org.scala-stm/scala-stm_2.11/jars/scala-stm_2.11-0.7.jar:/home/alpha/.ivy2/cache/com.typesafe/config/bundles/config-1.3.0.jar:/home/alpha/.ivy2/cache/com.typesafe.play/play-json_2.11/jars/play-json_2.11-2.4.4.jar:/home/alpha/.ivy2/cache/com.typesafe.play/play-functional_2.11/jars/play-functional_2.11-2.4.4.jar:/home/alpha/.ivy2/cache/com.typesafe.play/play-datacommons_2.11/jars/play-datacommons_2.11-2.4.4.jar:/home/alpha/.ivy2/cache/joda-time/joda-time/jars/joda-time-2.8.1.jar:/home/alpha/.ivy2/cache/org.joda/joda-convert/jars/joda-convert-1.7.jar:/home/alpha/.ivy2/cache/org.scala-lang/scala-reflect/jars/scala-reflect-2.11.6.jar:/home/alpha/.ivy2/cache/com.fasterxml.jackson.core/jackson-core/bundles/jackson-core-2.5.4.jar:/home/alpha/.ivy2/cache/com.fasterxml.jackson.core/jackson-annotations/bundles/jackson-annotations-2.5.4.jar:/home/alpha/.ivy2/cache/com.fasterxml.jackson.core/jackson-databind/bundles/jackson-databind-2.5.4.jar:/home/alpha/.ivy2/cache/com.fasterxml.jackson.datatype/jackson-datatype-jdk8/bundles/jackson-datatype-jdk8-2.5.4.jar:/home/alpha/.ivy2/cache/com.fasterxml.jackson.datatype/jackson-datatype-jsr310/bundles/jackson-datatype-jsr310-2.5.4.jar:/home/alpha/.ivy2/cache/com.typesafe.play/play-netty-utils/jars/play-netty-utils-2.4.4.jar:/home/alpha/.ivy2/cache/org.slf4j/slf4j-api/jars/slf4j-api-1.7.12.jar:/home/alpha/.ivy2/cache/org.slf4j/jul-to-slf4j/jars/jul-to-slf4j-1.7.12.jar:/home/alpha/.ivy2/cache/org.slf4j/jcl-over-slf4j/jars/jcl-over-slf4j-1.7.12.jar:/home/alpha/.ivy2/cache/org.scala-lang.modules/scala-parser-combinators_2.11/bundles/scala-parser-combinators_2.11-1.0.1.jar:/home/alpha/.ivy2/cache/ch.qos.logback/logback-core/jars/logback-core-1.1.3.jar:/home/alpha/.ivy2/cache/ch.qos.logback/logback-classic/jars/logback-classic-1.1.3.jar:/home/alpha/.ivy2/cache/com.typesafe.akka/akka-actor_2.11/jars/akka-actor_2.11-2.3.13.jar:/home/alpha/.ivy2/cache/com.typesafe.akka/akka-slf4j_2.11/jars/akka-slf4j_2.11-2.3.13.jar:/home/alpha/.ivy2/cache/commons-codec/commons-codec/jars/commons-codec-1.10.jar:/home/alpha/.ivy2/cache/xerces/xercesImpl/jars/xercesImpl-2.11.0.jar:/home/alpha/.ivy2/cache/xml-apis/xml-apis/jars/xml-apis-1.4.01.jar:/home/alpha/.ivy2/cache/javax.transaction/jta/jars/jta-1.1.jar:/home/alpha/.ivy2/cache/com.google.inject/guice/jars/guice-4.0.jar:/home/alpha/.ivy2/cache/javax.inject/javax.inject/jars/javax.inject-1.jar:/home/alpha/.ivy2/cache/aopalliance/aopalliance/jars/aopalliance-1.0.jar:/home/alpha/.ivy2/cache/com.google.inject.extensions/guice-assistedinject/jars/guice-assistedinject-4.0.jar:/home/alpha/.ivy2/cache/com.typesafe.play/play-netty-server_2.11/jars/play-netty-server_2.11-2.4.4.jar:/home/alpha/.ivy2/cache/io.netty/netty/bundles/netty-3.10.4.Final.jar:/home/alpha/.ivy2/cache/com.typesafe.netty/netty-http-pipelining/jars/netty-http-pipelining-1.1.4.jar:/home/alpha/.ivy2/cache/com.typesafe.play/play-jdbc_2.11/jars/play-jdbc_2.11-2.4.4.jar:/home/alpha/.ivy2/cache/com.typesafe.play/play-jdbc-api_2.11/jars/play-jdbc-api_2.11-2.4.4.jar:/home/alpha/.ivy2/cache/com.jolbox/bonecp/bundles/bonecp-0.8.0.RELEASE.jar:/home/alpha/.ivy2/cache/com.zaxxer/HikariCP/bundles/HikariCP-2.3.7.jar:/home/alpha/.ivy2/cache/com.h2database/h2/jars/h2-1.4.187.jar:/home/alpha/.ivy2/cache/tyrex/tyrex/jars/tyrex-1.0.1.jar:/home/alpha/.ivy2/cache/com.typesafe.play/play-cache_2.11/jars/play-cache_2.11-2.4.4.jar:/home/alpha/.ivy2/cache/net.sf.ehcache/ehcache-core/jars/ehcache-core-2.6.11.jar:/home/alpha/.ivy2/cache/com.typesafe.play/play-ws_2.11/jars/play-ws_2.11-2.4.4.jar:/home/alpha/.ivy2/cache/com.google.guava/guava/bundles/guava-18.0.jar:/home/alpha/.ivy2/cache/com.ning/async-http-client/jars/async-http-client-1.9.21.jar:/home/alpha/.ivy2/cache/oauth.signpost/signpost-core/jars/signpost-core-1.2.1.2.jar:/home/alpha/.ivy2/cache/oauth.signpost/signpost-commonshttp4/jars/signpost-commonshttp4-1.2.1.2.jar:/home/alpha/.ivy2/cache/org.apache.httpcomponents/httpcore/jars/httpcore-4.0.1.jar:/home/alpha/.ivy2/cache/org.apache.httpcomponents/httpclient/jars/httpclient-4.0.1.jar:/home/alpha/.ivy2/cache/commons-logging/commons-logging/jars/commons-logging-1.1.1.jar:/home/alpha/.ivy2/cache/io.argonaut/argonaut_2.11/jars/argonaut_2.11-6.0.4.jar:/home/alpha/.ivy2/cache/org.scalaz/scalaz-core_2.11/bundles/scalaz-core_2.11-7.0.6.jar
Read from stdout: /home/alpha/Courses Monsoon 2k15/CLOUD/Major_Project/docker_paas/app/controllers/Application.scala:41: type mismatch;
Read from stdout: found   : play.api.mvc.Result
Read from stdout: required: scala.sys.process.ProcessLogger
/home/alpha/Courses Monsoon 2k15/CLOUD/Major_Project/docker_paas/app/controllers/Application.scala:41: type mismatch;
 found   : play.api.mvc.Result
 required: scala.sys.process.ProcessLogger
Read from stdout: Ok("[]")
    Ok("[]")
Read from stdout: ^
      ^
Read from stdout: /home/alpha/Courses Monsoon 2k15/CLOUD/Major_Project/docker_paas/app/controllers/Application.scala:42: type mismatch;
Read from stdout: found   : Unit
Read from stdout: required: play.api.mvc.Result
/home/alpha/Courses Monsoon 2k15/CLOUD/Major_Project/docker_paas/app/controllers/Application.scala:42: type mismatch;
 found   : Unit
 required: play.api.mvc.Result
Read from stdout: }
  }
Read from stdout: ^
  ^
Read from stdout: two errors found
two errors found
Compilation failed (CompilerInterface)
Read from stdout: (compile:compileIncremental) Compilation failed
(compile:compileIncremental) Compilation failed
Total time: 1 s, completed 22 Nov, 2015 12:25:54 PM
> server-post-command-error-handler
> server-post-command-cleanup
> server-handle-next-server-request
> compile
Evaluating tasks: compile:compile
Running task... Cancel: sbt.server.ServerTaskCancellation@4a3c3a03, check cycles: false

Initial source changes: 
	removed:Set()
	added: Set()
	modified: Set(/home/alpha/Courses Monsoon 2k15/CLOUD/Major_Project/docker_paas/app/controllers/Application.scala)
Removed products: Set()
External API changes: API Changes: Set()
Modified binary dependencies: Set()
Initial directly invalidated sources: Set(/home/alpha/Courses Monsoon 2k15/CLOUD/Major_Project/docker_paas/app/controllers/Application.scala)

Sources indirectly invalidated by:
	product: Set()
	binary dep: Set()
	external source: Set()
All initially invalidated sources: Set(/home/alpha/Courses Monsoon 2k15/CLOUD/Major_Project/docker_paas/app/controllers/Application.scala)

Read from stdout: Compiling 1 Scala source to /home/alpha/Courses Monsoon 2k15/CLOUD/Major_Project/docker_paas/target/scala-2.11/classes...
Compiling 1 Scala source to /home/alpha/Courses Monsoon 2k15/CLOUD/Major_Project/docker_paas/target/scala-2.11/classes...
Getting compiler-interface from component compiler for Scala 2.11.6
Other repositories:
Default repositories:
Getting compiler-interface from component compiler for Scala 2.11.6
Other repositories:
Default repositories:
Running cached compiler 6a3267d0, interfacing (CompilerInterface) with Scala compiler version 2.11.6
Calling Scala compiler with arguments  (CompilerInterface):
	-deprecation
	-unchecked
	-encoding
	utf8
	-bootclasspath
	/usr/lib/jvm/java-8-oracle/jre/lib/resources.jar:/usr/lib/jvm/java-8-oracle/jre/lib/rt.jar:/usr/lib/jvm/java-8-oracle/jre/lib/sunrsasign.jar:/usr/lib/jvm/java-8-oracle/jre/lib/jsse.jar:/usr/lib/jvm/java-8-oracle/jre/lib/jce.jar:/usr/lib/jvm/java-8-oracle/jre/lib/charsets.jar:/usr/lib/jvm/java-8-oracle/jre/lib/jfr.jar:/usr/lib/jvm/java-8-oracle/jre/classes:/home/alpha/.ivy2/cache/org.scala-lang/scala-library/jars/scala-library-2.11.6.jar
	-classpath
	/home/alpha/Courses Monsoon 2k15/CLOUD/Major_Project/docker_paas/target/scala-2.11/classes:/home/alpha/.ivy2/cache/com.typesafe.play/twirl-api_2.11/jars/twirl-api_2.11-1.1.1.jar:/home/alpha/.ivy2/cache/org.apache.commons/commons-lang3/jars/commons-lang3-3.4.jar:/home/alpha/.ivy2/cache/org.scala-lang.modules/scala-xml_2.11/bundles/scala-xml_2.11-1.0.1.jar:/home/alpha/.ivy2/cache/com.typesafe.play/play-server_2.11/jars/play-server_2.11-2.4.4.jar:/home/alpha/.ivy2/cache/com.typesafe.play/play_2.11/jars/play_2.11-2.4.4.jar:/home/alpha/.ivy2/cache/com.typesafe.play/build-link/jars/build-link-2.4.4.jar:/home/alpha/.ivy2/cache/com.typesafe.play/play-exceptions/jars/play-exceptions-2.4.4.jar:/home/alpha/.ivy2/cache/org.javassist/javassist/bundles/javassist-3.19.0-GA.jar:/home/alpha/.ivy2/cache/com.typesafe.play/play-iteratees_2.11/jars/play-iteratees_2.11-2.4.4.jar:/home/alpha/.ivy2/cache/org.scala-stm/scala-stm_2.11/jars/scala-stm_2.11-0.7.jar:/home/alpha/.ivy2/cache/com.typesafe/config/bundles/config-1.3.0.jar:/home/alpha/.ivy2/cache/com.typesafe.play/play-json_2.11/jars/play-json_2.11-2.4.4.jar:/home/alpha/.ivy2/cache/com.typesafe.play/play-functional_2.11/jars/play-functional_2.11-2.4.4.jar:/home/alpha/.ivy2/cache/com.typesafe.play/play-datacommons_2.11/jars/play-datacommons_2.11-2.4.4.jar:/home/alpha/.ivy2/cache/joda-time/joda-time/jars/joda-time-2.8.1.jar:/home/alpha/.ivy2/cache/org.joda/joda-convert/jars/joda-convert-1.7.jar:/home/alpha/.ivy2/cache/org.scala-lang/scala-reflect/jars/scala-reflect-2.11.6.jar:/home/alpha/.ivy2/cache/com.fasterxml.jackson.core/jackson-core/bundles/jackson-core-2.5.4.jar:/home/alpha/.ivy2/cache/com.fasterxml.jackson.core/jackson-annotations/bundles/jackson-annotations-2.5.4.jar:/home/alpha/.ivy2/cache/com.fasterxml.jackson.core/jackson-databind/bundles/jackson-databind-2.5.4.jar:/home/alpha/.ivy2/cache/com.fasterxml.jackson.datatype/jackson-datatype-jdk8/bundles/jackson-datatype-jdk8-2.5.4.jar:/home/alpha/.ivy2/cache/com.fasterxml.jackson.datatype/jackson-datatype-jsr310/bundles/jackson-datatype-jsr310-2.5.4.jar:/home/alpha/.ivy2/cache/com.typesafe.play/play-netty-utils/jars/play-netty-utils-2.4.4.jar:/home/alpha/.ivy2/cache/org.slf4j/slf4j-api/jars/slf4j-api-1.7.12.jar:/home/alpha/.ivy2/cache/org.slf4j/jul-to-slf4j/jars/jul-to-slf4j-1.7.12.jar:/home/alpha/.ivy2/cache/org.slf4j/jcl-over-slf4j/jars/jcl-over-slf4j-1.7.12.jar:/home/alpha/.ivy2/cache/org.scala-lang.modules/scala-parser-combinators_2.11/bundles/scala-parser-combinators_2.11-1.0.1.jar:/home/alpha/.ivy2/cache/ch.qos.logback/logback-core/jars/logback-core-1.1.3.jar:/home/alpha/.ivy2/cache/ch.qos.logback/logback-classic/jars/logback-classic-1.1.3.jar:/home/alpha/.ivy2/cache/com.typesafe.akka/akka-actor_2.11/jars/akka-actor_2.11-2.3.13.jar:/home/alpha/.ivy2/cache/com.typesafe.akka/akka-slf4j_2.11/jars/akka-slf4j_2.11-2.3.13.jar:/home/alpha/.ivy2/cache/commons-codec/commons-codec/jars/commons-codec-1.10.jar:/home/alpha/.ivy2/cache/xerces/xercesImpl/jars/xercesImpl-2.11.0.jar:/home/alpha/.ivy2/cache/xml-apis/xml-apis/jars/xml-apis-1.4.01.jar:/home/alpha/.ivy2/cache/javax.transaction/jta/jars/jta-1.1.jar:/home/alpha/.ivy2/cache/com.google.inject/guice/jars/guice-4.0.jar:/home/alpha/.ivy2/cache/javax.inject/javax.inject/jars/javax.inject-1.jar:/home/alpha/.ivy2/cache/aopalliance/aopalliance/jars/aopalliance-1.0.jar:/home/alpha/.ivy2/cache/com.google.inject.extensions/guice-assistedinject/jars/guice-assistedinject-4.0.jar:/home/alpha/.ivy2/cache/com.typesafe.play/play-netty-server_2.11/jars/play-netty-server_2.11-2.4.4.jar:/home/alpha/.ivy2/cache/io.netty/netty/bundles/netty-3.10.4.Final.jar:/home/alpha/.ivy2/cache/com.typesafe.netty/netty-http-pipelining/jars/netty-http-pipelining-1.1.4.jar:/home/alpha/.ivy2/cache/com.typesafe.play/play-jdbc_2.11/jars/play-jdbc_2.11-2.4.4.jar:/home/alpha/.ivy2/cache/com.typesafe.play/play-jdbc-api_2.11/jars/play-jdbc-api_2.11-2.4.4.jar:/home/alpha/.ivy2/cache/com.jolbox/bonecp/bundles/bonecp-0.8.0.RELEASE.jar:/home/alpha/.ivy2/cache/com.zaxxer/HikariCP/bundles/HikariCP-2.3.7.jar:/home/alpha/.ivy2/cache/com.h2database/h2/jars/h2-1.4.187.jar:/home/alpha/.ivy2/cache/tyrex/tyrex/jars/tyrex-1.0.1.jar:/home/alpha/.ivy2/cache/com.typesafe.play/play-cache_2.11/jars/play-cache_2.11-2.4.4.jar:/home/alpha/.ivy2/cache/net.sf.ehcache/ehcache-core/jars/ehcache-core-2.6.11.jar:/home/alpha/.ivy2/cache/com.typesafe.play/play-ws_2.11/jars/play-ws_2.11-2.4.4.jar:/home/alpha/.ivy2/cache/com.google.guava/guava/bundles/guava-18.0.jar:/home/alpha/.ivy2/cache/com.ning/async-http-client/jars/async-http-client-1.9.21.jar:/home/alpha/.ivy2/cache/oauth.signpost/signpost-core/jars/signpost-core-1.2.1.2.jar:/home/alpha/.ivy2/cache/oauth.signpost/signpost-commonshttp4/jars/signpost-commonshttp4-1.2.1.2.jar:/home/alpha/.ivy2/cache/org.apache.httpcomponents/httpcore/jars/httpcore-4.0.1.jar:/home/alpha/.ivy2/cache/org.apache.httpcomponents/httpclient/jars/httpclient-4.0.1.jar:/home/alpha/.ivy2/cache/commons-logging/commons-logging/jars/commons-logging-1.1.1.jar:/home/alpha/.ivy2/cache/io.argonaut/argonaut_2.11/jars/argonaut_2.11-6.0.4.jar:/home/alpha/.ivy2/cache/org.scalaz/scalaz-core_2.11/bundles/scalaz-core_2.11-7.0.6.jar
Scala compilation took 4.935216423 s
New invalidations:
	Set()
Initial set of included nodes: Set()
Previously invalidated, but (transitively) depend on new invalidations:
	Set()
All newly invalidated sources after taking into account (previously) recompiled sources:Set()
Total time: 6 s, completed 22 Nov, 2015 12:27:51 PM
> server-post-command-cleanup
> server-handle-next-server-request
> compile
Evaluating tasks: compile:compile
Running task... Cancel: sbt.server.ServerTaskCancellation@59ec636d, check cycles: false

Initial source changes: 
	removed:Set()
	added: Set()
	modified: Set(/home/alpha/Courses Monsoon 2k15/CLOUD/Major_Project/docker_paas/app/controllers/Application.scala)
Removed products: Set()
External API changes: API Changes: Set()
Modified binary dependencies: Set()
Initial directly invalidated sources: Set(/home/alpha/Courses Monsoon 2k15/CLOUD/Major_Project/docker_paas/app/controllers/Application.scala)

Sources indirectly invalidated by:
	product: Set()
	binary dep: Set()
	external source: Set()
All initially invalidated sources: Set(/home/alpha/Courses Monsoon 2k15/CLOUD/Major_Project/docker_paas/app/controllers/Application.scala)

Read from stdout: Compiling 1 Scala source to /home/alpha/Courses Monsoon 2k15/CLOUD/Major_Project/docker_paas/target/scala-2.11/classes...
Compiling 1 Scala source to /home/alpha/Courses Monsoon 2k15/CLOUD/Major_Project/docker_paas/target/scala-2.11/classes...
Getting compiler-interface from component compiler for Scala 2.11.6
Other repositories:
Default repositories:
Getting compiler-interface from component compiler for Scala 2.11.6
Other repositories:
Default repositories:
Running cached compiler 3136d694, interfacing (CompilerInterface) with Scala compiler version 2.11.6
Calling Scala compiler with arguments  (CompilerInterface):
	-deprecation
	-unchecked
	-encoding
	utf8
	-bootclasspath
	/usr/lib/jvm/java-8-oracle/jre/lib/resources.jar:/usr/lib/jvm/java-8-oracle/jre/lib/rt.jar:/usr/lib/jvm/java-8-oracle/jre/lib/sunrsasign.jar:/usr/lib/jvm/java-8-oracle/jre/lib/jsse.jar:/usr/lib/jvm/java-8-oracle/jre/lib/jce.jar:/usr/lib/jvm/java-8-oracle/jre/lib/charsets.jar:/usr/lib/jvm/java-8-oracle/jre/lib/jfr.jar:/usr/lib/jvm/java-8-oracle/jre/classes:/home/alpha/.ivy2/cache/org.scala-lang/scala-library/jars/scala-library-2.11.6.jar
	-classpath
	/home/alpha/Courses Monsoon 2k15/CLOUD/Major_Project/docker_paas/target/scala-2.11/classes:/home/alpha/.ivy2/cache/com.typesafe.play/twirl-api_2.11/jars/twirl-api_2.11-1.1.1.jar:/home/alpha/.ivy2/cache/org.apache.commons/commons-lang3/jars/commons-lang3-3.4.jar:/home/alpha/.ivy2/cache/org.scala-lang.modules/scala-xml_2.11/bundles/scala-xml_2.11-1.0.1.jar:/home/alpha/.ivy2/cache/com.typesafe.play/play-server_2.11/jars/play-server_2.11-2.4.4.jar:/home/alpha/.ivy2/cache/com.typesafe.play/play_2.11/jars/play_2.11-2.4.4.jar:/home/alpha/.ivy2/cache/com.typesafe.play/build-link/jars/build-link-2.4.4.jar:/home/alpha/.ivy2/cache/com.typesafe.play/play-exceptions/jars/play-exceptions-2.4.4.jar:/home/alpha/.ivy2/cache/org.javassist/javassist/bundles/javassist-3.19.0-GA.jar:/home/alpha/.ivy2/cache/com.typesafe.play/play-iteratees_2.11/jars/play-iteratees_2.11-2.4.4.jar:/home/alpha/.ivy2/cache/org.scala-stm/scala-stm_2.11/jars/scala-stm_2.11-0.7.jar:/home/alpha/.ivy2/cache/com.typesafe/config/bundles/config-1.3.0.jar:/home/alpha/.ivy2/cache/com.typesafe.play/play-json_2.11/jars/play-json_2.11-2.4.4.jar:/home/alpha/.ivy2/cache/com.typesafe.play/play-functional_2.11/jars/play-functional_2.11-2.4.4.jar:/home/alpha/.ivy2/cache/com.typesafe.play/play-datacommons_2.11/jars/play-datacommons_2.11-2.4.4.jar:/home/alpha/.ivy2/cache/joda-time/joda-time/jars/joda-time-2.8.1.jar:/home/alpha/.ivy2/cache/org.joda/joda-convert/jars/joda-convert-1.7.jar:/home/alpha/.ivy2/cache/org.scala-lang/scala-reflect/jars/scala-reflect-2.11.6.jar:/home/alpha/.ivy2/cache/com.fasterxml.jackson.core/jackson-core/bundles/jackson-core-2.5.4.jar:/home/alpha/.ivy2/cache/com.fasterxml.jackson.core/jackson-annotations/bundles/jackson-annotations-2.5.4.jar:/home/alpha/.ivy2/cache/com.fasterxml.jackson.core/jackson-databind/bundles/jackson-databind-2.5.4.jar:/home/alpha/.ivy2/cache/com.fasterxml.jackson.datatype/jackson-datatype-jdk8/bundles/jackson-datatype-jdk8-2.5.4.jar:/home/alpha/.ivy2/cache/com.fasterxml.jackson.datatype/jackson-datatype-jsr310/bundles/jackson-datatype-jsr310-2.5.4.jar:/home/alpha/.ivy2/cache/com.typesafe.play/play-netty-utils/jars/play-netty-utils-2.4.4.jar:/home/alpha/.ivy2/cache/org.slf4j/slf4j-api/jars/slf4j-api-1.7.12.jar:/home/alpha/.ivy2/cache/org.slf4j/jul-to-slf4j/jars/jul-to-slf4j-1.7.12.jar:/home/alpha/.ivy2/cache/org.slf4j/jcl-over-slf4j/jars/jcl-over-slf4j-1.7.12.jar:/home/alpha/.ivy2/cache/org.scala-lang.modules/scala-parser-combinators_2.11/bundles/scala-parser-combinators_2.11-1.0.1.jar:/home/alpha/.ivy2/cache/ch.qos.logback/logback-core/jars/logback-core-1.1.3.jar:/home/alpha/.ivy2/cache/ch.qos.logback/logback-classic/jars/logback-classic-1.1.3.jar:/home/alpha/.ivy2/cache/com.typesafe.akka/akka-actor_2.11/jars/akka-actor_2.11-2.3.13.jar:/home/alpha/.ivy2/cache/com.typesafe.akka/akka-slf4j_2.11/jars/akka-slf4j_2.11-2.3.13.jar:/home/alpha/.ivy2/cache/commons-codec/commons-codec/jars/commons-codec-1.10.jar:/home/alpha/.ivy2/cache/xerces/xercesImpl/jars/xercesImpl-2.11.0.jar:/home/alpha/.ivy2/cache/xml-apis/xml-apis/jars/xml-apis-1.4.01.jar:/home/alpha/.ivy2/cache/javax.transaction/jta/jars/jta-1.1.jar:/home/alpha/.ivy2/cache/com.google.inject/guice/jars/guice-4.0.jar:/home/alpha/.ivy2/cache/javax.inject/javax.inject/jars/javax.inject-1.jar:/home/alpha/.ivy2/cache/aopalliance/aopalliance/jars/aopalliance-1.0.jar:/home/alpha/.ivy2/cache/com.google.inject.extensions/guice-assistedinject/jars/guice-assistedinject-4.0.jar:/home/alpha/.ivy2/cache/com.typesafe.play/play-netty-server_2.11/jars/play-netty-server_2.11-2.4.4.jar:/home/alpha/.ivy2/cache/io.netty/netty/bundles/netty-3.10.4.Final.jar:/home/alpha/.ivy2/cache/com.typesafe.netty/netty-http-pipelining/jars/netty-http-pipelining-1.1.4.jar:/home/alpha/.ivy2/cache/com.typesafe.play/play-jdbc_2.11/jars/play-jdbc_2.11-2.4.4.jar:/home/alpha/.ivy2/cache/com.typesafe.play/play-jdbc-api_2.11/jars/play-jdbc-api_2.11-2.4.4.jar:/home/alpha/.ivy2/cache/com.jolbox/bonecp/bundles/bonecp-0.8.0.RELEASE.jar:/home/alpha/.ivy2/cache/com.zaxxer/HikariCP/bundles/HikariCP-2.3.7.jar:/home/alpha/.ivy2/cache/com.h2database/h2/jars/h2-1.4.187.jar:/home/alpha/.ivy2/cache/tyrex/tyrex/jars/tyrex-1.0.1.jar:/home/alpha/.ivy2/cache/com.typesafe.play/play-cache_2.11/jars/play-cache_2.11-2.4.4.jar:/home/alpha/.ivy2/cache/net.sf.ehcache/ehcache-core/jars/ehcache-core-2.6.11.jar:/home/alpha/.ivy2/cache/com.typesafe.play/play-ws_2.11/jars/play-ws_2.11-2.4.4.jar:/home/alpha/.ivy2/cache/com.google.guava/guava/bundles/guava-18.0.jar:/home/alpha/.ivy2/cache/com.ning/async-http-client/jars/async-http-client-1.9.21.jar:/home/alpha/.ivy2/cache/oauth.signpost/signpost-core/jars/signpost-core-1.2.1.2.jar:/home/alpha/.ivy2/cache/oauth.signpost/signpost-commonshttp4/jars/signpost-commonshttp4-1.2.1.2.jar:/home/alpha/.ivy2/cache/org.apache.httpcomponents/httpcore/jars/httpcore-4.0.1.jar:/home/alpha/.ivy2/cache/org.apache.httpcomponents/httpclient/jars/httpclient-4.0.1.jar:/home/alpha/.ivy2/cache/commons-logging/commons-logging/jars/commons-logging-1.1.1.jar:/home/alpha/.ivy2/cache/io.argonaut/argonaut_2.11/jars/argonaut_2.11-6.0.4.jar:/home/alpha/.ivy2/cache/org.scalaz/scalaz-core_2.11/bundles/scalaz-core_2.11-7.0.6.jar
Scala compilation took 2.851467479 s
New invalidations:
	Set()
Initial set of included nodes: Set()
Previously invalidated, but (transitively) depend on new invalidations:
	Set()
All newly invalidated sources after taking into account (previously) recompiled sources:Set()
Total time: 3 s, completed 22 Nov, 2015 12:28:15 PM
> server-post-command-cleanup
> server-handle-next-server-request
> backgroundRun
Evaluating tasks: compile:backgroundRun
Running task... Cancel: sbt.server.ServerTaskCancellation@44ccbf66, check cycles: false
Total time: 0 s, completed 22 Nov, 2015 12:28:17 PM
> server-post-command-cleanup
> server-handle-next-server-request
> {file:/home/alpha/Courses%20Monsoon%202k15/CLOUD/Major_Project/docker_paas/}root/*:playForkConfig
Evaluating tasks: *:playForkConfig
Running task... Cancel: sbt.server.ServerTaskCancellation@12782a29, check cycles: false
Total time: 1 s, completed 22 Nov, 2015 12:28:23 PM
> server-post-command-cleanup
> server-handle-next-server-request
> root/playForkNotifyStart http://localhost:9000
Evaluating tasks: *:playForkNotifyStart
Running task... Cancel: sbt.server.ServerTaskCancellation@7eb843fa, check cycles: false
Total time: 0 s, completed 22 Nov, 2015 12:28:26 PM
> server-post-command-cleanup
> server-handle-next-server-request
> {file:/home/alpha/Courses%20Monsoon%202k15/CLOUD/Major_Project/docker_paas/}root/*:playForkReload
Evaluating tasks: *:playForkReload
Running task... Cancel: sbt.server.ServerTaskCancellation@76be5042, check cycles: false

Initial source changes: 
	removed:Set()
	added: Set()
	modified: Set()
Removed products: Set()
External API changes: API Changes: Set()
Modified binary dependencies: Set()
Initial directly invalidated sources: Set()

Sources indirectly invalidated by:
	product: Set()
	binary dep: Set()
	external source: Set()
All initially invalidated sources: Set()

Copy resource mappings: 
	(/home/alpha/Courses Monsoon 2k15/CLOUD/Major_Project/docker_paas/conf/application.conf,/home/alpha/Courses Monsoon 2k15/CLOUD/Major_Project/docker_paas/target/scala-2.11/classes/application.conf)
	(/home/alpha/Courses Monsoon 2k15/CLOUD/Major_Project/docker_paas/conf/routes,/home/alpha/Courses Monsoon 2k15/CLOUD/Major_Project/docker_paas/target/scala-2.11/classes/routes)
	(/home/alpha/Courses Monsoon 2k15/CLOUD/Major_Project/docker_paas/conf/logback.xml,/home/alpha/Courses Monsoon 2k15/CLOUD/Major_Project/docker_paas/target/scala-2.11/classes/logback.xml)
Total time: 2 s, completed 22 Nov, 2015 12:28:31 PM
> server-post-command-cleanup
> server-handle-next-server-request
> jobStop 1
Evaluating tasks: *:jobStop
Running task... Cancel: sbt.server.ServerTaskCancellation@7965c9c2, check cycles: false
Total time: 0 s, completed 22 Nov, 2015 12:30:24 PM
> server-post-command-cleanup
> server-handle-next-server-request
